[2019-05-08 15:32:34] local.INFO: 2019-05-08 15:32:34"[]"  
[2019-05-08 15:32:42] local.INFO: 2019-05-08 15:32:42"[]"  
[2019-05-08 15:32:42] local.INFO: 2019-05-08 15:32:42"[]"  
[2019-05-08 15:32:46] local.INFO: 2019-05-08 15:32:46"[]"  
[2019-05-08 15:32:47] local.INFO: 2019-05-08 15:32:47"[]"  
[2019-05-08 15:32:50] local.INFO: 2019-05-08 15:32:50"[]"  
[2019-05-08 15:32:53] local.INFO: 2019-05-08 15:32:53"[{\"type\":\"bjpk10\",\"time\":1083,\"dt\":\"1557300771+1090-1557300773+1088\",\"kjhm\":[\"4\",\"9\",\"10\",\"8\",\"6\",\"1\",\"7\",\"5\",\"3\",\"2\"],\"qs\":\"3194\",\"xqs\":\"3195\",\"new_jh\":{\"bs\":\"1\",\"hm\":\"[1,6,7,8,9]\"},\"old_jh\":\"\"}]"  
[2019-05-08 15:32:54] local.INFO: 2019-05-08 15:32:54"[]"  
[2019-05-08 15:32:57] local.INFO: 2019-05-08 15:32:57"[]"  
[2019-05-08 15:33:02] local.INFO: 2019-05-08 15:33:02"[]"  
[2019-05-08 15:33:02] local.INFO: 2019-05-08 15:33:02"[]"  
[2019-05-08 15:33:08] local.INFO: 2019-05-08 15:33:08"[{\"type\":\"og3k3\",\"time\":174,\"dt\":\"1557300787+180-1557300788+179\",\"kjhm\":[\"5\",\"5\",\"6\"],\"qs\":\"8311\",\"xqs\":\"8312\",\"new_jh\":{\"bs\":\"1\",\"hm\":\"\\u53cc\"},\"old_jh\":\"\"}]"  
[2019-05-08 15:33:13] local.INFO: 2019-05-08 15:33:13"[{\"type\":\"tspk10\",\"time\":171,\"dt\":\"1557300789+180-1557300793+176\",\"kjhm\":[\"1\",\"3\",\"6\",\"9\",\"8\",\"2\",\"5\",\"7\",\"10\",\"4\"],\"qs\":\"8311\",\"xqs\":\"8312\",\"new_jh\":{\"bs\":\"1\",\"hm\":\"[1,2,3,7,8]\"},\"old_jh\":\"\"},{\"type\":\"jlpk10\",\"time\":51,\"dt\":\"1557300789+60-1557300793+56\",\"kjhm\":[\"6\",\"10\",\"8\",\"4\",\"9\",\"5\",\"7\",\"2\",\"1\",\"3\"],\"qs\":\"0933\",\"xqs\":\"0934\",\"new_jh\":{\"bs\":\"1\",\"hm\":\"[1,2,3,7,9]\"},\"old_jh\":\"\"},{\"type\":\"tsffc\",\"time\":171,\"dt\":\"1557300789+180-1557300793+176\",\"kjhm\":[\"5\",\"9\",\"6\",\"5\",\"2\"],\"qs\":\"8311\",\"xqs\":\"8312\",\"new_jh\":{\"bs\":\"1\",\"hm\":\"[4,5,7,8,9]\"},\"old_jh\":\"\"},{\"type\":\"jlffc\",\"time\":51,\"dt\":\"1557300789+60-1557300793+56\",\"kjhm\":[\"3\",\"7\",\"1\",\"8\",\"7\"],\"qs\":\"0933\",\"xqs\":\"0934\",\"new_jh\":{\"bs\":\"1\",\"hm\":\"[0,2,3,6,9]\"},\"old_jh\":\"\"},{\"type\":\"og1k3\",\"time\":51,\"dt\":\"1557300789+60-1557300793+56\",\"kjhm\":[\"2\",\"3\",\"3\"],\"qs\":\"0933\",\"xqs\":\"0934\",\"new_jh\":{\"bs\":\"1\",\"hm\":\"\\u53cc\"},\"old_jh\":\"\"}]"  
[2019-05-08 15:33:17] local.INFO: 2019-05-08 15:33:17"[]"  
[2019-05-08 15:33:22] local.INFO: 2019-05-08 15:33:22"[]"  
[2019-05-08 15:33:27] local.INFO: 2019-05-08 15:33:27"[]"  
[2019-05-08 15:33:28] local.INFO: 2019-05-08 15:33:28"[]"  
[2019-05-08 15:33:32] local.INFO: 2019-05-08 15:33:32"[]"  
[2019-05-08 15:33:37] local.INFO: 2019-05-08 15:33:37"[]"  
[2019-05-08 15:33:42] local.INFO: 2019-05-08 15:33:42"[]"  
[2019-05-08 15:33:47] local.INFO: 2019-05-08 15:33:47"[]"  
[2019-05-08 15:33:52] local.INFO: 2019-05-08 15:33:52"[]"  
[2019-05-08 15:33:57] local.INFO: 2019-05-08 15:33:57"[]"  
[2019-05-08 15:33:57] local.INFO: 2019-05-08 15:33:57"[]"  
[2019-05-08 15:34:02] local.INFO: 2019-05-08 15:34:02"[]"  
[2019-05-08 15:34:05] local.INFO: 2019-05-08 15:34:05"[]"  
[2019-05-08 15:34:06] local.INFO: 2019-05-08 15:34:06"[]"  
[2019-05-08 15:34:07] local.INFO: 2019-05-08 15:34:07"[]"  
[2019-05-08 15:34:10] local.ERROR: Client error: `GET http://awardopen.com/newly.do?token=4TeMEVEr8koP1pgowrQB&format=json&rows=1&code=OG1K3,JLFFC,JLPK10,OG3K3,TSFFC,TSPK10,OG5K3,TFFFC,TFPK10,OG10K3,OG10FFC,OG10PK10,BJPK10,CQSSC,JSK3,GD11X5` resulted in a `429 Too Many Requests` response:
API calls quota exceeded! maximum admitted 1 per 3s.
 {"exception":"[object] (GuzzleHttp\\Exception\\ClientException(code: 429): Client error: `GET http://awardopen.com/newly.do?token=4TeMEVEr8koP1pgowrQB&format=json&rows=1&code=OG1K3,JLFFC,JLPK10,OG3K3,TSFFC,TSPK10,OG5K3,TFFFC,TFPK10,OG10K3,OG10FFC,OG10PK10,BJPK10,CQSSC,JSK3,GD11X5` resulted in a `429 Too Many Requests` response:
API calls quota exceeded! maximum admitted 1 per 3s.
 at /www/wwwroot/17gma9.com/zxjh/vendor/guzzlehttp/guzzle/src/Exception/RequestException.php:113)
[stacktrace]
#0 /www/wwwroot/17gma9.com/zxjh/vendor/guzzlehttp/guzzle/src/Middleware.php(66): GuzzleHttp\\Exception\\RequestException::create(Object(GuzzleHttp\\Psr7\\Request), Object(GuzzleHttp\\Psr7\\Response))
#1 /www/wwwroot/17gma9.com/zxjh/vendor/guzzlehttp/promises/src/Promise.php(203): GuzzleHttp\\Middleware::GuzzleHttp\\{closure}(Object(GuzzleHttp\\Psr7\\Response))
#2 /www/wwwroot/17gma9.com/zxjh/vendor/guzzlehttp/promises/src/Promise.php(156): GuzzleHttp\\Promise\\Promise::callHandler(1, Object(GuzzleHttp\\Psr7\\Response), Array)
#3 /www/wwwroot/17gma9.com/zxjh/vendor/guzzlehttp/promises/src/TaskQueue.php(47): GuzzleHttp\\Promise\\Promise::GuzzleHttp\\Promise\\{closure}()
#4 /www/wwwroot/17gma9.com/zxjh/vendor/guzzlehttp/promises/src/Promise.php(246): GuzzleHttp\\Promise\\TaskQueue->run(true)
#5 /www/wwwroot/17gma9.com/zxjh/vendor/guzzlehttp/promises/src/Promise.php(223): GuzzleHttp\\Promise\\Promise->invokeWaitFn()
#6 /www/wwwroot/17gma9.com/zxjh/vendor/guzzlehttp/promises/src/Promise.php(267): GuzzleHttp\\Promise\\Promise->waitIfPending()
#7 /www/wwwroot/17gma9.com/zxjh/vendor/guzzlehttp/promises/src/Promise.php(225): GuzzleHttp\\Promise\\Promise->invokeWaitList()
#8 /www/wwwroot/17gma9.com/zxjh/vendor/guzzlehttp/promises/src/Promise.php(62): GuzzleHttp\\Promise\\Promise->waitIfPending()
#9 /www/wwwroot/17gma9.com/zxjh/vendor/guzzlehttp/guzzle/src/Client.php(131): GuzzleHttp\\Promise\\Promise->wait()
#10 /www/wwwroot/17gma9.com/zxjh/app/Http/Controllers/Api/ZxjhController.php(61): GuzzleHttp\\Client->request('GET', 'http://awardope...')
#11 /www/wwwroot/17gma9.com/zxjh/app/Console/Commands/realTimeUpdate.php(42): App\\Http\\Controllers\\Api\\ZxjhController->realTimeUpdate()
#12 [internal function]: App\\Console\\Commands\ealTimeUpdate->handle()
#13 /www/wwwroot/17gma9.com/zxjh/vendor/laravel/framework/src/Illuminate/Container/BoundMethod.php(29): call_user_func_array(Array, Array)
#14 /www/wwwroot/17gma9.com/zxjh/vendor/laravel/framework/src/Illuminate/Container/BoundMethod.php(87): Illuminate\\Container\\BoundMethod::Illuminate\\Container\\{closure}()
#15 /www/wwwroot/17gma9.com/zxjh/vendor/laravel/framework/src/Illuminate/Container/BoundMethod.php(31): Illuminate\\Container\\BoundMethod::callBoundMethod(Object(Illuminate\\Foundation\\Application), Array, Object(Closure))
#16 /www/wwwroot/17gma9.com/zxjh/vendor/laravel/framework/src/Illuminate/Container/Container.php(549): Illuminate\\Container\\BoundMethod::call(Object(Illuminate\\Foundation\\Application), Array, Array, NULL)
#17 /www/wwwroot/17gma9.com/zxjh/vendor/laravel/framework/src/Illuminate/Console/Command.php(183): Illuminate\\Container\\Container->call(Array)
#18 /www/wwwroot/17gma9.com/zxjh/vendor/symfony/console/Command/Command.php(255): Illuminate\\Console\\Command->execute(Object(Symfony\\Component\\Console\\Input\\ArgvInput), Object(Illuminate\\Console\\OutputStyle))
#19 /www/wwwroot/17gma9.com/zxjh/vendor/laravel/framework/src/Illuminate/Console/Command.php(170): Symfony\\Component\\Console\\Command\\Command->run(Object(Symfony\\Component\\Console\\Input\\ArgvInput), Object(Illuminate\\Console\\OutputStyle))
#20 /www/wwwroot/17gma9.com/zxjh/vendor/symfony/console/Application.php(960): Illuminate\\Console\\Command->run(Object(Symfony\\Component\\Console\\Input\\ArgvInput), Object(Symfony\\Component\\Console\\Output\\ConsoleOutput))
#21 /www/wwwroot/17gma9.com/zxjh/vendor/symfony/console/Application.php(255): Symfony\\Component\\Console\\Application->doRunCommand(Object(App\\Console\\Commands\ealTimeUpdate), Object(Symfony\\Component\\Console\\Input\\ArgvInput), Object(Symfony\\Component\\Console\\Output\\ConsoleOutput))
#22 /www/wwwroot/17gma9.com/zxjh/vendor/symfony/console/Application.php(148): Symfony\\Component\\Console\\Application->doRun(Object(Symfony\\Component\\Console\\Input\\ArgvInput), Object(Symfony\\Component\\Console\\Output\\ConsoleOutput))
#23 /www/wwwroot/17gma9.com/zxjh/vendor/laravel/framework/src/Illuminate/Console/Application.php(88): Symfony\\Component\\Console\\Application->run(Object(Symfony\\Component\\Console\\Input\\ArgvInput), Object(Symfony\\Component\\Console\\Output\\ConsoleOutput))
#24 /www/wwwroot/17gma9.com/zxjh/vendor/laravel/framework/src/Illuminate/Foundation/Console/Kernel.php(121): Illuminate\\Console\\Application->run(Object(Symfony\\Component\\Console\\Input\\ArgvInput), Object(Symfony\\Component\\Console\\Output\\ConsoleOutput))
#25 /www/wwwroot/17gma9.com/zxjh/artisan(37): Illuminate\\Foundation\\Console\\Kernel->handle(Object(Symfony\\Component\\Console\\Input\\ArgvInput), Object(Symfony\\Component\\Console\\Output\\ConsoleOutput))
#26 {main}
"} 
[2019-05-08 15:34:12] local.INFO: 2019-05-08 15:34:12"[]"  
[2019-05-08 15:34:15] local.INFO: 2019-05-08 15:34:15"[{\"type\":\"og1k3\",\"time\":54,\"dt\":\"1557300854+60-1557300855+59\",\"kjhm\":[\"2\",\"4\",\"6\"],\"qs\":\"0934\",\"xqs\":\"0935\",\"new_jh\":{\"bs\":\"1\",\"hm\":\"\\u53cc\"},\"old_jh\":\"\"},{\"type\":\"jlffc\",\"time\":54,\"dt\":\"1557300854+60-1557300855+59\",\"kjhm\":[\"7\",\"2\",\"5\",\"8\",\"4\"],\"qs\":\"0934\",\"xqs\":\"0935\",\"new_jh\":{\"bs\":\"3\",\"hm\":\"[0,2,3,6,9]\"},\"old_jh\":\"\"},{\"type\":\"jlpk10\",\"time\":54,\"dt\":\"1557300854+60-1557300855+59\",\"kjhm\":[\"6\",\"3\",\"2\",\"5\",\"9\",\"10\",\"4\",\"1\",\"7\",\"8\"],\"qs\":\"0934\",\"xqs\":\"0935\",\"new_jh\":{\"bs\":\"3\",\"hm\":\"[1,2,3,7,9]\"},\"old_jh\":\"\"}]"  
[2019-05-08 15:34:15] local.INFO: 2019-05-08 15:34:15"[]"  
[2019-05-08 15:34:17] local.INFO: 2019-05-08 15:34:17"[]"  
[2019-05-08 15:34:22] local.INFO: 2019-05-08 15:34:22"[]"  
[2019-05-08 15:34:24] local.INFO: 2019-05-08 15:34:24"[]"  
[2019-05-08 15:34:27] local.INFO: 2019-05-08 15:34:27"[]"  
[2019-05-08 15:34:32] local.INFO: 2019-05-08 15:34:32"[]"  
[2019-05-08 15:34:37] local.INFO: 2019-05-08 15:34:37"[]"  
[2019-05-08 15:34:42] local.INFO: 2019-05-08 15:34:42"[]"  
[2019-05-08 15:34:47] local.INFO: 2019-05-08 15:34:47"[]"  
[2019-05-08 15:34:52] local.INFO: 2019-05-08 15:34:52"[]"  
[2019-05-08 15:34:57] local.INFO: 2019-05-08 15:34:57"[]"  
[2019-05-08 15:35:02] local.INFO: 2019-05-08 15:35:02"[]"  
[2019-05-08 15:35:08] local.INFO: 2019-05-08 15:35:08"[]"  
[2019-05-08 15:35:12] local.INFO: 2019-05-08 15:35:12"[]"  
[2019-05-08 15:35:14] local.INFO: 2019-05-08 15:35:14"[{\"type\":\"og5k3\",\"time\":294,\"dt\":\"1557300913+300-1557300914+299\",\"kjhm\":[\"1\",\"2\",\"5\"],\"qs\":\"8187\",\"xqs\":\"8188\",\"new_jh\":{\"bs\":\"1\",\"hm\":\"\\u5355\"},\"old_jh\":\"\"},{\"type\":\"tfpk10\",\"time\":294,\"dt\":\"1557300913+300-1557300914+299\",\"kjhm\":[\"2\",\"8\",\"10\",\"3\",\"5\",\"9\",\"1\",\"4\",\"6\",\"7\"],\"qs\":\"8187\",\"xqs\":\"8188\",\"new_jh\":{\"bs\":\"24\",\"hm\":\"[4,7,8,9,10]\"},\"old_jh\":\"\"},{\"type\":\"jlpk10\",\"time\":54,\"dt\":\"1557300913+60-1557300914+59\",\"kjhm\":[\"5\",\"10\",\"9\",\"6\",\"7\",\"2\",\"1\",\"4\",\"8\",\"3\"],\"qs\":\"0935\",\"xqs\":\"0936\",\"new_jh\":{\"bs\":\"8\",\"hm\":\"[1,2,3,7,9]\"},\"old_jh\":\"\"},{\"type\":\"tfffc\",\"time\":294,\"dt\":\"1557300913+300-1557300914+299\",\"kjhm\":[\"5\",\"6\",\"7\",\"9\",\"9\"],\"qs\":\"8187\",\"xqs\":\"8188\",\"new_jh\":{\"bs\":\"3\",\"hm\":\"[1,2,4,6,9]\"},\"old_jh\":\"\"},{\"type\":\"jlffc\",\"time\":54,\"dt\":\"1557300913+60-1557300914+59\",\"kjhm\":[\"8\",\"0\",\"5\",\"4\",\"5\"],\"qs\":\"0935\",\"xqs\":\"0936\",\"new_jh\":{\"bs\":\"8\",\"hm\":\"[0,2,3,6,9]\"},\"old_jh\":\"\"},{\"type\":\"og1k3\",\"time\":54,\"dt\":\"1557300913+60-1557300914+59\",\"kjhm\":[\"1\",\"2\",\"6\"],\"qs\":\"0935\",\"xqs\":\"0936\",\"new_jh\":{\"bs\":\"3\",\"hm\":\"\\u53cc\"},\"old_jh\":\"\"}]"  
[2019-05-08 15:35:17] local.INFO: 2019-05-08 15:35:17"[]"  
[2019-05-08 15:35:22] local.INFO: 2019-05-08 15:35:22"[]"  
[2019-05-08 15:35:22] local.INFO: 2019-05-08 15:35:22"[]"  
[2019-05-08 15:35:27] local.INFO: 2019-05-08 15:35:27"[]"  
[2019-05-08 15:35:32] local.INFO: 2019-05-08 15:35:32"[]"  
[2019-05-08 15:35:35] local.INFO: 2019-05-08 15:35:35"[]"  
[2019-05-08 15:35:37] local.INFO: 2019-05-08 15:35:37"[]"  
[2019-05-08 15:35:41] local.INFO: 2019-05-08 15:35:41"[]"  
[2019-05-08 15:35:42] local.INFO: 2019-05-08 15:35:42"[]"  
[2019-05-08 15:35:47] local.INFO: 2019-05-08 15:35:47"[]"  
[2019-05-08 15:35:49] local.INFO: 2019-05-08 15:35:49"[]"  
[2019-05-08 15:35:52] local.INFO: 2019-05-08 15:35:52"[]"  
[2019-05-08 15:35:57] local.INFO: 2019-05-08 15:35:57"[]"  
[2019-05-08 15:35:57] local.INFO: 2019-05-08 15:35:57"[]"  
[2019-05-08 15:36:02] local.INFO: 2019-05-08 15:36:02"[]"  
[2019-05-08 15:36:05] local.INFO: 2019-05-08 15:36:05"[]"  
[2019-05-08 15:36:07] local.INFO: 2019-05-08 15:36:07"[]"  
[2019-05-08 15:36:12] local.INFO: 2019-05-08 15:36:12"[]"  
[2019-05-08 15:36:14] local.INFO: 2019-05-08 15:36:14"[{\"type\":\"tspk10\",\"time\":174,\"dt\":\"1557300973+180-1557300974+179\",\"kjhm\":[\"8\",\"3\",\"10\",\"4\",\"9\",\"7\",\"5\",\"2\",\"1\",\"6\"],\"qs\":\"8312\",\"xqs\":\"8313\",\"new_jh\":{\"bs\":\"1\",\"hm\":\"[2,6,7,8,10]\"},\"old_jh\":\"\"},{\"type\":\"og3k3\",\"time\":174,\"dt\":\"1557300973+180-1557300974+179\",\"kjhm\":[\"1\",\"2\",\"2\"],\"qs\":\"8312\",\"xqs\":\"8313\",\"new_jh\":{\"bs\":\"3\",\"hm\":\"\\u53cc\"},\"old_jh\":\"\"},{\"type\":\"jlpk10\",\"time\":54,\"dt\":\"1557300973+60-1557300974+59\",\"kjhm\":[\"4\",\"5\",\"9\",\"1\",\"2\",\"6\",\"3\",\"7\",\"10\",\"8\"],\"qs\":\"0936\",\"xqs\":\"0937\",\"new_jh\":{\"bs\":\"24\",\"hm\":\"[1,2,3,7,9]\"},\"old_jh\":\"\"},{\"type\":\"tsffc\",\"time\":174,\"dt\":\"1557300973+180-1557300974+179\",\"kjhm\":[\"8\",\"3\",\"1\",\"6\",\"4\"],\"qs\":\"8312\",\"xqs\":\"8313\",\"new_jh\":{\"bs\":\"1\",\"hm\":\"[0,1,4,6,8]\"},\"old_jh\":\"\"},{\"type\":\"jlffc\",\"time\":54,\"dt\":\"1557300973+60-1557300974+59\",\"kjhm\":[\"2\",\"3\",\"3\",\"1\",\"5\"],\"qs\":\"0936\",\"xqs\":\"0937\",\"new_jh\":{\"bs\":\"1\",\"hm\":\"[1,2,5,6,8]\"},\"old_jh\":\"\"},{\"type\":\"og1k3\",\"time\":54,\"dt\":\"1557300973+60-1557300974+59\",\"kjhm\":[\"3\",\"5\",\"5\"],\"qs\":\"0936\",\"xqs\":\"0937\",\"new_jh\":{\"bs\":\"8\",\"hm\":\"\\u53cc\"},\"old_jh\":\"\"}]"  
[2019-05-08 15:36:15] local.INFO: 2019-05-08 15:36:15"[]"  
[2019-05-08 15:36:15] local.INFO: 2019-05-08 15:36:15"[]"  
[2019-05-08 15:36:17] local.INFO: 2019-05-08 15:36:17"[]"  
[2019-05-08 15:36:22] local.INFO: 2019-05-08 15:36:22"[]"  
[2019-05-08 15:36:24] local.INFO: 2019-05-08 15:36:24"[]"  
[2019-05-08 15:36:24] local.INFO: 2019-05-08 15:36:24"[]"  
[2019-05-08 15:36:27] local.INFO: 2019-05-08 15:36:27"[]"  
[2019-05-08 15:36:32] local.INFO: 2019-05-08 15:36:32"[]"  
[2019-05-08 15:36:32] local.INFO: 2019-05-08 15:36:32"[]"  
[2019-05-08 15:36:32] local.INFO: 2019-05-08 15:36:32"[]"  
[2019-05-08 15:36:33] local.INFO: 2019-05-08 15:36:33"[]"  
[2019-05-08 15:36:37] local.INFO: 2019-05-08 15:36:37"[]"  
[2019-05-08 15:36:40] local.INFO: 2019-05-08 15:36:40"[]"  
[2019-05-08 15:36:42] local.INFO: 2019-05-08 15:36:42"[]"  
[2019-05-08 15:36:47] local.INFO: 2019-05-08 15:36:47"[]"  
[2019-05-08 15:36:48] local.INFO: 2019-05-08 15:36:48"[]"  
[2019-05-08 15:36:52] local.INFO: 2019-05-08 15:36:52"[]"  
[2019-05-08 15:36:56] local.INFO: 2019-05-08 15:36:56"[]"  
[2019-05-08 15:36:57] local.INFO: 2019-05-08 15:36:57"[]"  
[2019-05-08 15:37:02] local.INFO: 2019-05-08 15:37:02"[]"  
[2019-05-08 15:37:04] local.INFO: 2019-05-08 15:37:04"[]"  
[2019-05-08 15:37:07] local.INFO: 2019-05-08 15:37:07"[]"  
[2019-05-08 15:37:12] local.INFO: 2019-05-08 15:37:12"[]"  
[2019-05-08 15:37:12] local.INFO: 2019-05-08 15:37:12"[]"  
[2019-05-08 15:37:17] local.INFO: 2019-05-08 15:37:17"[]"  
[2019-05-08 15:37:20] local.INFO: 2019-05-08 15:37:20"[]"  
[2019-05-08 15:37:22] local.INFO: 2019-05-08 15:37:22"[]"  
[2019-05-08 15:37:24] local.INFO: 2019-05-08 15:37:24"[]"  
[2019-05-08 15:37:27] local.INFO: 2019-05-08 15:37:27"[]"  
[2019-05-08 15:37:28] local.INFO: 2019-05-08 15:37:28"[]"  
[2019-05-08 15:37:32] local.INFO: 2019-05-08 15:37:32"[]"  
[2019-05-08 15:37:36] local.INFO: 2019-05-08 15:37:36"[]"  
[2019-05-08 15:37:38] local.INFO: 2019-05-08 15:37:38"[]"  
[2019-05-08 15:37:43] local.INFO: 2019-05-08 15:37:43"[]"  
[2019-05-08 15:37:43] local.INFO: 2019-05-08 15:37:43"[]"  
[2019-05-08 15:37:44] local.INFO: 2019-05-08 15:37:44"[]"  
[2019-05-08 15:37:48] local.INFO: 2019-05-08 15:37:48"[]"  
[2019-05-08 15:37:49] local.INFO: 2019-05-08 15:37:49"[]"  
[2019-05-08 15:37:50] local.INFO: 2019-05-08 15:37:50"[]"  
[2019-05-08 15:37:51] local.INFO: 2019-05-08 15:37:51"[]"  
[2019-05-08 15:37:52] local.INFO: 2019-05-08 15:37:52"[]"  
[2019-05-08 15:37:53] local.INFO: 2019-05-08 15:37:53"[]"  
[2019-05-08 15:37:58] local.INFO: 2019-05-08 15:37:58"[]"  
[2019-05-08 15:37:58] local.INFO: 2019-05-08 15:37:58"[]"  
[2019-05-08 15:38:00] local.INFO: 2019-05-08 15:38:00"[]"  
[2019-05-08 15:38:03] local.INFO: 2019-05-08 15:38:03"[]"  
[2019-05-08 15:38:06] local.INFO: 2019-05-08 15:38:06"[]"  
[2019-05-08 15:38:08] local.INFO: 2019-05-08 15:38:08"[]"  
[2019-05-08 15:38:08] local.INFO: 2019-05-08 15:38:08"[]"  
[2019-05-08 15:38:11] local.INFO: 2019-05-08 15:38:11"[{\"type\":\"jlpk10\",\"time\":54,\"dt\":\"1557301090+60-1557301091+59\",\"kjhm\":[\"10\",\"5\",\"8\",\"4\",\"6\",\"2\",\"3\",\"9\",\"1\",\"7\"],\"qs\":\"0938\",\"xqs\":\"0939\",\"new_jh\":{\"bs\":\"1\",\"hm\":\"[3,4,5,6,7]\"},\"old_jh\":\"\"},{\"type\":\"jlffc\",\"time\":54,\"dt\":\"1557301090+60-1557301091+59\",\"kjhm\":[\"3\",\"0\",\"2\",\"5\",\"0\"],\"qs\":\"0938\",\"xqs\":\"0939\",\"new_jh\":{\"bs\":\"8\",\"hm\":\"[1,2,5,6,8]\"},\"old_jh\":\"\"},{\"type\":\"og1k3\",\"time\":54,\"dt\":\"1557301090+60-1557301091+59\",\"kjhm\":[\"5\",\"6\",\"6\"],\"qs\":\"0938\",\"xqs\":\"0939\",\"new_jh\":{\"bs\":\"3\",\"hm\":\"\\u53cc\"},\"old_jh\":\"\"}]"  
[2019-05-08 15:38:13] local.INFO: 2019-05-08 15:38:13"[]"  
[2019-05-08 15:38:14] local.INFO: 2019-05-08 15:38:14"[]"  
[2019-05-08 15:38:16] local.INFO: 2019-05-08 15:38:16"[]"  
[2019-05-08 15:38:17] local.INFO: 2019-05-08 15:38:17"[]"  
[2019-05-08 15:38:19] local.INFO: 2019-05-08 15:38:19"[]"  
[2019-05-08 15:38:22] local.INFO: 2019-05-08 15:38:22"[]"  
[2019-05-08 15:38:27] local.INFO: 2019-05-08 15:38:27"[]"  
[2019-05-08 15:38:30] local.INFO: 2019-05-08 15:38:30"[]"  
[2019-05-08 15:38:31] local.INFO: 2019-05-08 15:38:31"[]"  
[2019-05-08 15:38:32] local.INFO: 2019-05-08 15:38:32"[]"  
[2019-05-08 15:38:37] local.INFO: 2019-05-08 15:38:37"[]"  
[2019-05-08 15:38:38] local.INFO: 2019-05-08 15:38:38"[]"  
[2019-05-08 15:38:42] local.INFO: 2019-05-08 15:38:42"[]"  
[2019-05-08 15:38:46] local.INFO: 2019-05-08 15:38:46"[]"  
[2019-05-08 15:38:47] local.INFO: 2019-05-08 15:38:47"[]"  
[2019-05-08 15:38:52] local.INFO: 2019-05-08 15:38:52"[]"  
[2019-05-08 15:38:54] local.INFO: 2019-05-08 15:38:54"[]"  
[2019-05-08 15:38:57] local.INFO: 2019-05-08 15:38:57"[]"  
[2019-05-08 15:38:58] local.INFO: 2019-05-08 15:38:58"[]"  
[2019-05-08 15:39:02] local.INFO: 2019-05-08 15:39:02"[]"  
[2019-05-08 15:39:02] local.INFO: 2019-05-08 15:39:02"[]"  
[2019-05-08 15:39:07] local.INFO: 2019-05-08 15:39:07"[]"  
[2019-05-08 15:39:12] local.INFO: 2019-05-08 15:39:12"[{\"type\":\"og3k3\",\"time\":172,\"dt\":\"1557301149+180-1557301152+177\",\"kjhm\":[\"1\",\"2\",\"4\"],\"qs\":\"8313\",\"xqs\":\"8314\",\"new_jh\":{\"bs\":\"8\",\"hm\":\"\\u53cc\"},\"old_jh\":\"\"},{\"type\":\"og1k3\",\"time\":52,\"dt\":\"1557301149+60-1557301152+57\",\"kjhm\":[\"1\",\"5\",\"5\"],\"qs\":\"0939\",\"xqs\":\"0940\",\"new_jh\":{\"bs\":\"8\",\"hm\":\"\\u53cc\"},\"old_jh\":\"\"},{\"type\":\"tspk10\",\"time\":172,\"dt\":\"1557301149+180-1557301152+177\",\"kjhm\":[\"6\",\"10\",\"5\",\"2\",\"7\",\"9\",\"3\",\"8\",\"1\",\"4\"],\"qs\":\"8313\",\"xqs\":\"8314\",\"new_jh\":{\"bs\":\"1\",\"hm\":\"[2,3,6,7,9]\"},\"old_jh\":\"\"},{\"type\":\"tsffc\",\"time\":172,\"dt\":\"1557301149+180-1557301152+177\",\"kjhm\":[\"0\",\"9\",\"5\",\"3\",\"6\"],\"qs\":\"8313\",\"xqs\":\"8314\",\"new_jh\":{\"bs\":\"1\",\"hm\":\"[0,4,5,6,7]\"},\"old_jh\":\"\"}]"  
[2019-05-08 15:39:12] local.INFO: 2019-05-08 15:39:12"[]"  
[2019-05-08 15:39:15] local.INFO: 2019-05-08 15:39:15"[]"  
[2019-05-08 15:39:15] local.INFO: 2019-05-08 15:39:15"[]"  
[2019-05-08 15:39:17] local.INFO: 2019-05-08 15:39:17"[]"  
[2019-05-08 15:39:17] local.INFO: 2019-05-08 15:39:17"[]"  
[2019-05-08 15:39:18] local.INFO: 2019-05-08 15:39:18"[]"  
[2019-05-08 15:39:22] local.INFO: 2019-05-08 15:39:22"[]"  
[2019-05-08 15:39:22] local.INFO: 2019-05-08 15:39:22"[]"  
[2019-05-08 15:39:25] local.INFO: 2019-05-08 15:39:25"[]"  
[2019-05-08 15:39:26] local.INFO: 2019-05-08 15:39:26"[]"  
[2019-05-08 15:39:27] local.INFO: 2019-05-08 15:39:27"[]"  
[2019-05-08 15:39:29] local.INFO: 2019-05-08 15:39:29"[]"  
[2019-05-08 15:39:30] local.INFO: 2019-05-08 15:39:30"[]"  
[2019-05-08 15:39:32] local.INFO: 2019-05-08 15:39:32"[]"  
[2019-05-08 15:39:33] local.INFO: 2019-05-08 15:39:33"[]"  
[2019-05-08 15:39:37] local.INFO: 2019-05-08 15:39:37"[]"  
[2019-05-08 15:39:37] local.INFO: 2019-05-08 15:39:37"[]"  
[2019-05-08 15:39:38] local.INFO: 2019-05-08 15:39:38"[]"  
[2019-05-08 15:39:41] local.INFO: 2019-05-08 15:39:41"[]"  
[2019-05-08 15:39:42] local.INFO: 2019-05-08 15:39:42"[]"  
[2019-05-08 15:39:45] local.INFO: 2019-05-08 15:39:45"[]"  
[2019-05-08 15:39:46] local.INFO: 2019-05-08 15:39:46"[]"  
[2019-05-08 15:39:47] local.INFO: 2019-05-08 15:39:47"[]"  
[2019-05-08 15:39:49] local.INFO: 2019-05-08 15:39:49"[]"  
[2019-05-08 15:39:52] local.INFO: 2019-05-08 15:39:52"[]"  
[2019-05-08 15:39:53] local.INFO: 2019-05-08 15:39:53"[]"  
[2019-05-08 15:39:54] local.INFO: 2019-05-08 15:39:54"[]"  
[2019-05-08 15:39:57] local.INFO: 2019-05-08 15:39:57"[]"  
[2019-05-08 15:40:01] local.INFO: 2019-05-08 15:40:01"[]"  
[2019-05-08 15:40:02] local.INFO: 2019-05-08 15:40:02"[]"  
[2019-05-08 15:40:02] local.INFO: 2019-05-08 15:40:02"[]"  
[2019-05-08 15:40:08] local.INFO: 2019-05-08 15:40:08"[]"  
[2019-05-08 15:40:11] local.INFO: 2019-05-08 15:40:11"[{\"type\":\"og10ffc\",\"time\":593,\"dt\":\"1557301209+600-1557301211+598\",\"kjhm\":[\"3\",\"2\",\"7\",\"0\",\"2\"],\"qs\":\"8094\",\"xqs\":\"8095\",\"new_jh\":{\"bs\":\"1\",\"hm\":\"[1,3,6,7,8]\"},\"old_jh\":\"\"},{\"type\":\"og10k3\",\"time\":593,\"dt\":\"1557301209+600-1557301211+598\",\"kjhm\":[\"3\",\"5\",\"6\"],\"qs\":\"8094\",\"xqs\":\"8095\",\"new_jh\":{\"bs\":\"1\",\"hm\":\"\\u5355\"},\"old_jh\":\"\"},{\"type\":\"og10pk10\",\"time\":593,\"dt\":\"1557301209+600-1557301211+598\",\"kjhm\":[\"6\",\"4\",\"3\",\"8\",\"10\",\"9\",\"1\",\"7\",\"5\",\"2\"],\"qs\":\"8094\",\"xqs\":\"8095\",\"new_jh\":{\"bs\":\"5832\",\"hm\":\"[2,3,4,8]\"},\"old_jh\":\"\"},{\"type\":\"jlpk10\",\"time\":53,\"dt\":\"1557301209+60-1557301211+58\",\"kjhm\":[\"5\",\"8\",\"10\",\"7\",\"2\",\"6\",\"9\",\"3\",\"4\",\"1\"],\"qs\":\"0940\",\"xqs\":\"0941\",\"new_jh\":{\"bs\":\"1\",\"hm\":\"[1,3,4,8,9]\"},\"old_jh\":\"\"},{\"type\":\"og5k3\",\"time\":293,\"dt\":\"1557301209+300-1557301211+298\",\"kjhm\":[\"3\",\"3\",\"4\"],\"qs\":\"8188\",\"xqs\":\"8189\",\"new_jh\":{\"bs\":\"3\",\"hm\":\"\\u5355\"},\"old_jh\":\"\"},{\"type\":\"og1k3\",\"time\":53,\"dt\":\"1557301209+60-1557301211+58\",\"kjhm\":[\"3\",\"5\",\"6\"],\"qs\":\"0940\",\"xqs\":\"0941\",\"new_jh\":{\"bs\":\"1\",\"hm\":\"\\u53cc\"},\"old_jh\":\"\"}]"  
[2019-05-08 15:40:12] local.INFO: 2019-05-08 15:40:12"[]"  
[2019-05-08 15:40:17] local.INFO: 2019-05-08 15:40:17"[]"  
[2019-05-08 15:40:18] local.INFO: 2019-05-08 15:40:18"[]"  
[2019-05-08 15:40:22] local.INFO: 2019-05-08 15:40:22"[]"  
[2019-05-08 15:40:26] local.INFO: 2019-05-08 15:40:26"[]"  
[2019-05-08 15:40:27] local.INFO: 2019-05-08 15:40:27"[]"  
[2019-05-08 15:40:32] local.INFO: 2019-05-08 15:40:32"[]"  
[2019-05-08 15:40:37] local.INFO: 2019-05-08 15:40:37"[]"  
[2019-05-08 15:40:42] local.INFO: 2019-05-08 15:40:42"[]"  
[2019-05-08 15:40:43] local.INFO: 2019-05-08 15:40:43"[]"  
[2019-05-08 15:40:47] local.INFO: 2019-05-08 15:40:47"[]"  
[2019-05-08 15:40:51] local.INFO: 2019-05-08 15:40:51"[]"  
[2019-05-08 15:40:52] local.INFO: 2019-05-08 15:40:52"[]"  
[2019-05-08 15:40:57] local.INFO: 2019-05-08 15:40:57"[]"  
[2019-05-08 15:41:00] local.INFO: 2019-05-08 15:41:00"[]"  
[2019-05-08 15:41:02] local.INFO: 2019-05-08 15:41:02"[]"  
[2019-05-08 15:41:08] local.INFO: 2019-05-08 15:41:08"[]"  
[2019-05-08 15:41:08] local.INFO: 2019-05-08 15:41:08"[]"  
[2019-05-08 15:41:12] local.INFO: 2019-05-08 15:41:12"[]"  
[2019-05-08 15:41:16] local.INFO: 2019-05-08 15:41:16"[]"  
[2019-05-08 15:41:17] local.INFO: 2019-05-08 15:41:17"[]"  
[2019-05-08 15:41:22] local.INFO: 2019-05-08 15:41:22"[]"  
[2019-05-08 15:41:24] local.INFO: 2019-05-08 15:41:24"[]"  
[2019-05-08 15:41:26] local.INFO: 2019-05-08 15:41:26"[]"  
[2019-05-08 15:41:27] local.INFO: 2019-05-08 15:41:27"[]"  
[2019-05-08 15:41:32] local.INFO: 2019-05-08 15:41:32"[]"  
[2019-05-08 15:41:32] local.INFO: 2019-05-08 15:41:32"[]"  
[2019-05-08 15:41:36] local.INFO: 2019-05-08 15:41:36"[]"  
[2019-05-08 15:41:37] local.INFO: 2019-05-08 15:41:37"[]"  
[2019-05-08 15:41:38] local.INFO: 2019-05-08 15:41:38"[]"  
[2019-05-08 15:41:40] local.INFO: 2019-05-08 15:41:40"[]"  
[2019-05-08 15:41:42] local.INFO: 2019-05-08 15:41:42"[]"  
[2019-05-08 15:41:44] local.INFO: 2019-05-08 15:41:44"[]"  
[2019-05-08 15:41:46] local.INFO: 2019-05-08 15:41:46"[]"  
[2019-05-08 15:41:46] local.INFO: 2019-05-08 15:41:46"[]"  
[2019-05-08 15:41:47] local.INFO: 2019-05-08 15:41:47"[]"  
[2019-05-08 15:41:48] local.INFO: 2019-05-08 15:41:48"[]"  
[2019-05-08 15:41:52] local.INFO: 2019-05-08 15:41:52"[]"  
[2019-05-08 15:41:52] local.INFO: 2019-05-08 15:41:52"[]"  
[2019-05-08 15:41:54] local.INFO: 2019-05-08 15:41:54"[]"  
[2019-05-08 15:41:56] local.INFO: 2019-05-08 15:41:56"[]"  
[2019-05-08 15:41:56] local.INFO: 2019-05-08 15:41:56"[]"  
[2019-05-08 15:41:57] local.INFO: 2019-05-08 15:41:57"[]"  
[2019-05-08 15:42:00] local.INFO: 2019-05-08 15:42:00"[]"  
[2019-05-08 15:42:02] local.INFO: 2019-05-08 15:42:02"[]"  
[2019-05-08 15:42:02] local.INFO: 2019-05-08 15:42:02"[]"  
[2019-05-08 15:42:04] local.INFO: 2019-05-08 15:42:04"[]"  
[2019-05-08 15:42:08] local.INFO: 2019-05-08 15:42:08"[{\"type\":\"og3k3\",\"time\":174,\"dt\":\"1557301327+180-1557301328+179\",\"kjhm\":[\"3\",\"5\",\"5\"],\"qs\":\"8314\",\"xqs\":\"8315\",\"new_jh\":{\"bs\":\"24\",\"hm\":\"\\u53cc\"},\"old_jh\":\"\"},{\"type\":\"tsffc\",\"time\":174,\"dt\":\"1557301327+180-1557301328+179\",\"kjhm\":[\"6\",\"0\",\"3\",\"5\",\"0\"],\"qs\":\"8314\",\"xqs\":\"8315\",\"new_jh\":{\"bs\":\"1\",\"hm\":\"[0,3,4,7,9]\"},\"old_jh\":\"\"}]"  
[2019-05-08 15:42:09] local.INFO: 2019-05-08 15:42:09"[]"  
[2019-05-08 15:42:11] local.INFO: 2019-05-08 15:42:11"[{\"type\":\"tspk10\",\"time\":174,\"dt\":\"1557301330+180-1557301331+179\",\"kjhm\":[\"2\",\"8\",\"1\",\"10\",\"6\",\"7\",\"5\",\"4\",\"9\",\"3\"],\"qs\":\"8314\",\"xqs\":\"8315\",\"new_jh\":{\"bs\":\"1\",\"hm\":\"[1,2,3,4,6]\"},\"old_jh\":\"\"},{\"type\":\"jlpk10\",\"time\":54,\"dt\":\"1557301330+60-1557301331+59\",\"kjhm\":[\"5\",\"8\",\"9\",\"7\",\"2\",\"4\",\"6\",\"10\",\"3\",\"1\"],\"qs\":\"0942\",\"xqs\":\"0943\",\"new_jh\":{\"bs\":\"8\",\"hm\":\"[1,3,4,8,9]\"},\"old_jh\":\"\"},{\"type\":\"og1k3\",\"time\":54,\"dt\":\"1557301330+60-1557301331+59\",\"kjhm\":[\"1\",\"4\",\"6\"],\"qs\":\"0942\",\"xqs\":\"0943\",\"new_jh\":{\"bs\":\"3\",\"hm\":\"\\u53cc\"},\"old_jh\":\"\"}]"  
[2019-05-08 15:42:12] local.INFO: 2019-05-08 15:42:12"[]"  
[2019-05-08 15:42:12] local.INFO: 2019-05-08 15:42:12"[]"  
[2019-05-08 15:42:16] local.INFO: 2019-05-08 15:42:16"[]"  
[2019-05-08 15:42:17] local.INFO: 2019-05-08 15:42:17"[]"  
[2019-05-08 15:42:18] local.INFO: 2019-05-08 15:42:18"[]"  
[2019-05-08 15:42:20] local.INFO: 2019-05-08 15:42:20"[]"  
[2019-05-08 15:42:22] local.INFO: 2019-05-08 15:42:22"[]"  
[2019-05-08 15:42:24] local.INFO: 2019-05-08 15:42:24"[]"  
[2019-05-08 15:42:26] local.INFO: 2019-05-08 15:42:26"[]"  
[2019-05-08 15:42:27] local.INFO: 2019-05-08 15:42:27"[]"  
[2019-05-08 15:42:28] local.INFO: 2019-05-08 15:42:28"[]"  
[2019-05-08 15:42:29] local.INFO: 2019-05-08 15:42:29"[]"  
[2019-05-08 15:42:30] local.INFO: 2019-05-08 15:42:30"[]"  
[2019-05-08 15:42:32] local.INFO: 2019-05-08 15:42:32"[]"  
[2019-05-08 15:42:32] local.INFO: 2019-05-08 15:42:32"[]"  
[2019-05-08 15:42:35] local.INFO: 2019-05-08 15:42:35"[]"  
[2019-05-08 15:42:37] local.INFO: 2019-05-08 15:42:37"[]"  
[2019-05-08 15:42:37] local.INFO: 2019-05-08 15:42:37"[]"  
[2019-05-08 15:42:37] local.INFO: 2019-05-08 15:42:37"[]"  
[2019-05-08 15:42:38] local.INFO: 2019-05-08 15:42:38"[]"  
[2019-05-08 15:42:40] local.INFO: 2019-05-08 15:42:40"[]"  
[2019-05-08 15:42:42] local.INFO: 2019-05-08 15:42:42"[]"  
[2019-05-08 15:42:43] local.INFO: 2019-05-08 15:42:43"[]"  
[2019-05-08 15:42:46] local.INFO: 2019-05-08 15:42:46"[]"  
[2019-05-08 15:42:47] local.INFO: 2019-05-08 15:42:47"[]"  
[2019-05-08 15:42:48] local.INFO: 2019-05-08 15:42:48"[]"  
[2019-05-08 15:42:51] local.INFO: 2019-05-08 15:42:51"[]"  
[2019-05-08 15:42:52] local.INFO: 2019-05-08 15:42:52"[]"  
[2019-05-08 15:42:54] local.INFO: 2019-05-08 15:42:54"[]"  
[2019-05-08 15:42:56] local.INFO: 2019-05-08 15:42:56"[]"  
[2019-05-08 15:42:57] local.INFO: 2019-05-08 15:42:57"[]"  
[2019-05-08 15:42:59] local.INFO: 2019-05-08 15:42:59"[]"  
[2019-05-08 15:42:59] local.INFO: 2019-05-08 15:42:59"[]"  
[2019-05-08 15:43:02] local.INFO: 2019-05-08 15:43:02"[]"  
[2019-05-08 15:43:02] local.INFO: 2019-05-08 15:43:02"[]"  
[2019-05-08 15:43:04] local.INFO: 2019-05-08 15:43:04"[]"  
[2019-05-08 15:43:07] local.INFO: 2019-05-08 15:43:07"[]"  
[2019-05-08 15:43:07] local.INFO: 2019-05-08 15:43:07"[]"  
[2019-05-08 15:43:11] local.INFO: 2019-05-08 15:43:11"[]"  
[2019-05-08 15:43:12] local.INFO: 2019-05-08 15:43:12"[]"  
[2019-05-08 15:43:12] local.INFO: 2019-05-08 15:43:12"[]"  
[2019-05-08 15:43:17] local.INFO: 2019-05-08 15:43:17"[]"  
[2019-05-08 15:43:18] local.INFO: 2019-05-08 15:43:18"[]"  
[2019-05-08 15:43:20] local.INFO: 2019-05-08 15:43:20"[]"  
[2019-05-08 15:43:21] local.INFO: 2019-05-08 15:43:21"[]"  
[2019-05-08 15:43:22] local.INFO: 2019-05-08 15:43:22"[]"  
[2019-05-08 15:43:26] local.INFO: 2019-05-08 15:43:26"[]"  
[2019-05-08 15:43:27] local.INFO: 2019-05-08 15:43:27"[]"  
[2019-05-08 15:43:28] local.INFO: 2019-05-08 15:43:28"[]"  
[2019-05-08 15:43:32] local.INFO: 2019-05-08 15:43:32"[]"  
[2019-05-08 15:43:34] local.INFO: 2019-05-08 15:43:34"[]"  
[2019-05-08 15:43:36] local.INFO: 2019-05-08 15:43:36"[]"  
[2019-05-08 15:43:37] local.INFO: 2019-05-08 15:43:37"[]"  
[2019-05-08 15:43:42] local.INFO: 2019-05-08 15:43:42"[]"  
[2019-05-08 15:43:42] local.INFO: 2019-05-08 15:43:42"[]"  
[2019-05-08 15:43:44] local.INFO: 2019-05-08 15:43:44"[]"  
[2019-05-08 15:43:47] local.INFO: 2019-05-08 15:43:47"[]"  
[2019-05-08 15:43:50] local.INFO: 2019-05-08 15:43:50"[]"  
[2019-05-08 15:43:52] local.INFO: 2019-05-08 15:43:52"[]"  
[2019-05-08 15:43:53] local.INFO: 2019-05-08 15:43:53"[]"  
[2019-05-08 15:43:58] local.INFO: 2019-05-08 15:43:58"[]"  
[2019-05-08 15:43:58] local.INFO: 2019-05-08 15:43:58"[]"  
[2019-05-08 15:44:00] local.INFO: 2019-05-08 15:44:00"[]"  
[2019-05-08 15:44:03] local.INFO: 2019-05-08 15:44:03"[]"  
[2019-05-08 15:44:06] local.INFO: 2019-05-08 15:44:06"[]"  
[2019-05-08 15:44:08] local.INFO: 2019-05-08 15:44:08"[]"  
[2019-05-08 15:44:08] local.INFO: 2019-05-08 15:44:08"[]"  
[2019-05-08 15:44:09] local.ERROR: Client error: `GET http://awardopen.com/newly.do?token=4TeMEVEr8koP1pgowrQB&format=json&rows=1&code=OG1K3,JLFFC,JLPK10,OG3K3,TSFFC,TSPK10,OG5K3,TFFFC,TFPK10,OG10K3,OG10FFC,OG10PK10,BJPK10,CQSSC,JSK3,GD11X5` resulted in a `429 Too Many Requests` response:
API calls quota exceeded! maximum admitted 1 per 3s.
 {"exception":"[object] (GuzzleHttp\\Exception\\ClientException(code: 429): Client error: `GET http://awardopen.com/newly.do?token=4TeMEVEr8koP1pgowrQB&format=json&rows=1&code=OG1K3,JLFFC,JLPK10,OG3K3,TSFFC,TSPK10,OG5K3,TFFFC,TFPK10,OG10K3,OG10FFC,OG10PK10,BJPK10,CQSSC,JSK3,GD11X5` resulted in a `429 Too Many Requests` response:
API calls quota exceeded! maximum admitted 1 per 3s.
 at /www/wwwroot/17gma9.com/zxjh/vendor/guzzlehttp/guzzle/src/Exception/RequestException.php:113)
[stacktrace]
#0 /www/wwwroot/17gma9.com/zxjh/vendor/guzzlehttp/guzzle/src/Middleware.php(66): GuzzleHttp\\Exception\\RequestException::create(Object(GuzzleHttp\\Psr7\\Request), Object(GuzzleHttp\\Psr7\\Response))
#1 /www/wwwroot/17gma9.com/zxjh/vendor/guzzlehttp/promises/src/Promise.php(203): GuzzleHttp\\Middleware::GuzzleHttp\\{closure}(Object(GuzzleHttp\\Psr7\\Response))
#2 /www/wwwroot/17gma9.com/zxjh/vendor/guzzlehttp/promises/src/Promise.php(156): GuzzleHttp\\Promise\\Promise::callHandler(1, Object(GuzzleHttp\\Psr7\\Response), Array)
#3 /www/wwwroot/17gma9.com/zxjh/vendor/guzzlehttp/promises/src/TaskQueue.php(47): GuzzleHttp\\Promise\\Promise::GuzzleHttp\\Promise\\{closure}()
#4 /www/wwwroot/17gma9.com/zxjh/vendor/guzzlehttp/promises/src/Promise.php(246): GuzzleHttp\\Promise\\TaskQueue->run(true)
#5 /www/wwwroot/17gma9.com/zxjh/vendor/guzzlehttp/promises/src/Promise.php(223): GuzzleHttp\\Promise\\Promise->invokeWaitFn()
#6 /www/wwwroot/17gma9.com/zxjh/vendor/guzzlehttp/promises/src/Promise.php(267): GuzzleHttp\\Promise\\Promise->waitIfPending()
#7 /www/wwwroot/17gma9.com/zxjh/vendor/guzzlehttp/promises/src/Promise.php(225): GuzzleHttp\\Promise\\Promise->invokeWaitList()
#8 /www/wwwroot/17gma9.com/zxjh/vendor/guzzlehttp/promises/src/Promise.php(62): GuzzleHttp\\Promise\\Promise->waitIfPending()
#9 /www/wwwroot/17gma9.com/zxjh/vendor/guzzlehttp/guzzle/src/Client.php(131): GuzzleHttp\\Promise\\Promise->wait()
#10 /www/wwwroot/17gma9.com/zxjh/app/Http/Controllers/Api/ZxjhController.php(61): GuzzleHttp\\Client->request('GET', 'http://awardope...')
#11 /www/wwwroot/17gma9.com/zxjh/app/Console/Commands/realTimeUpdate.php(42): App\\Http\\Controllers\\Api\\ZxjhController->realTimeUpdate()
#12 [internal function]: App\\Console\\Commands\ealTimeUpdate->handle()
#13 /www/wwwroot/17gma9.com/zxjh/vendor/laravel/framework/src/Illuminate/Container/BoundMethod.php(29): call_user_func_array(Array, Array)
#14 /www/wwwroot/17gma9.com/zxjh/vendor/laravel/framework/src/Illuminate/Container/BoundMethod.php(87): Illuminate\\Container\\BoundMethod::Illuminate\\Container\\{closure}()
#15 /www/wwwroot/17gma9.com/zxjh/vendor/laravel/framework/src/Illuminate/Container/BoundMethod.php(31): Illuminate\\Container\\BoundMethod::callBoundMethod(Object(Illuminate\\Foundation\\Application), Array, Object(Closure))
#16 /www/wwwroot/17gma9.com/zxjh/vendor/laravel/framework/src/Illuminate/Container/Container.php(549): Illuminate\\Container\\BoundMethod::call(Object(Illuminate\\Foundation\\Application), Array, Array, NULL)
#17 /www/wwwroot/17gma9.com/zxjh/vendor/laravel/framework/src/Illuminate/Console/Command.php(183): Illuminate\\Container\\Container->call(Array)
#18 /www/wwwroot/17gma9.com/zxjh/vendor/symfony/console/Command/Command.php(255): Illuminate\\Console\\Command->execute(Object(Symfony\\Component\\Console\\Input\\ArgvInput), Object(Illuminate\\Console\\OutputStyle))
#19 /www/wwwroot/17gma9.com/zxjh/vendor/laravel/framework/src/Illuminate/Console/Command.php(170): Symfony\\Component\\Console\\Command\\Command->run(Object(Symfony\\Component\\Console\\Input\\ArgvInput), Object(Illuminate\\Console\\OutputStyle))
#20 /www/wwwroot/17gma9.com/zxjh/vendor/symfony/console/Application.php(960): Illuminate\\Console\\Command->run(Object(Symfony\\Component\\Console\\Input\\ArgvInput), Object(Symfony\\Component\\Console\\Output\\ConsoleOutput))
#21 /www/wwwroot/17gma9.com/zxjh/vendor/symfony/console/Application.php(255): Symfony\\Component\\Console\\Application->doRunCommand(Object(App\\Console\\Commands\ealTimeUpdate), Object(Symfony\\Component\\Console\\Input\\ArgvInput), Object(Symfony\\Component\\Console\\Output\\ConsoleOutput))
#22 /www/wwwroot/17gma9.com/zxjh/vendor/symfony/console/Application.php(148): Symfony\\Component\\Console\\Application->doRun(Object(Symfony\\Component\\Console\\Input\\ArgvInput), Object(Symfony\\Component\\Console\\Output\\ConsoleOutput))
#23 /www/wwwroot/17gma9.com/zxjh/vendor/laravel/framework/src/Illuminate/Console/Application.php(88): Symfony\\Component\\Console\\Application->run(Object(Symfony\\Component\\Console\\Input\\ArgvInput), Object(Symfony\\Component\\Console\\Output\\ConsoleOutput))
#24 /www/wwwroot/17gma9.com/zxjh/vendor/laravel/framework/src/Illuminate/Foundation/Console/Kernel.php(121): Illuminate\\Console\\Application->run(Object(Symfony\\Component\\Console\\Input\\ArgvInput), Object(Symfony\\Component\\Console\\Output\\ConsoleOutput))
#25 /www/wwwroot/17gma9.com/zxjh/artisan(37): Illuminate\\Foundation\\Console\\Kernel->handle(Object(Symfony\\Component\\Console\\Input\\ArgvInput), Object(Symfony\\Component\\Console\\Output\\ConsoleOutput))
#26 {main}
"} 
[2019-05-08 15:44:13] local.INFO: 2019-05-08 15:44:13"[]"  
[2019-05-08 15:44:16] local.INFO: 2019-05-08 15:44:16"[]"  
[2019-05-08 15:44:16] local.INFO: 2019-05-08 15:44:16"[]"  
[2019-05-08 15:44:18] local.INFO: 2019-05-08 15:44:18"[]"  
[2019-05-08 15:44:23] local.INFO: 2019-05-08 15:44:23"[]"  
[2019-05-08 15:44:24] local.INFO: 2019-05-08 15:44:24"[]"  
[2019-05-08 15:44:24] local.INFO: 2019-05-08 15:44:24"[]"  
[2019-05-08 15:44:24] local.INFO: 2019-05-08 15:44:24"[]"  
[2019-05-08 15:44:28] local.INFO: 2019-05-08 15:44:28"[]"  
[2019-05-08 15:44:32] local.INFO: 2019-05-08 15:44:32"[]"  
[2019-05-08 15:44:33] local.INFO: 2019-05-08 15:44:33"[]"  
[2019-05-08 15:44:36] local.INFO: 2019-05-08 15:44:36"[]"  
[2019-05-08 15:44:38] local.INFO: 2019-05-08 15:44:38"[]"  
[2019-05-08 15:44:40] local.INFO: 2019-05-08 15:44:40"[]"  
[2019-05-08 15:44:43] local.INFO: 2019-05-08 15:44:43"[]"  
[2019-05-08 15:44:44] local.INFO: 2019-05-08 15:44:44"[]"  
[2019-05-08 15:44:48] local.INFO: 2019-05-08 15:44:48"[]"  
[2019-05-08 15:44:48] local.INFO: 2019-05-08 15:44:48"[]"  
[2019-05-08 15:44:52] local.INFO: 2019-05-08 15:44:52"[]"  
[2019-05-08 15:44:52] local.INFO: 2019-05-08 15:44:52"[]"  
[2019-05-08 15:44:56] local.INFO: 2019-05-08 15:44:56"[]"  
[2019-05-08 15:44:57] local.INFO: 2019-05-08 15:44:57"[]"  
[2019-05-08 15:45:00] local.INFO: 2019-05-08 15:45:00"[]"  
[2019-05-08 15:45:02] local.INFO: 2019-05-08 15:45:02"[]"  
[2019-05-08 15:45:03] local.INFO: 2019-05-08 15:45:03"[]"  
[2019-05-08 15:45:04] local.INFO: 2019-05-08 15:45:04"[]"  
[2019-05-08 15:45:07] local.INFO: 2019-05-08 15:45:07"[]"  
[2019-05-08 15:45:08] local.INFO: 2019-05-08 15:45:08"[]"  
[2019-05-08 15:45:11] local.INFO: 2019-05-08 15:45:11"[]"  
[2019-05-08 15:45:12] local.INFO: 2019-05-08 15:45:12"[]"  
[2019-05-08 15:45:12] local.INFO: 2019-05-08 15:45:12"[]"  
[2019-05-08 15:45:16] local.INFO: 2019-05-08 15:45:16"[]"  
[2019-05-08 15:45:17] local.INFO: 2019-05-08 15:45:17"[]"  
[2019-05-08 15:45:19] local.INFO: 2019-05-08 15:45:19"[]"  
[2019-05-08 15:45:20] local.INFO: 2019-05-08 15:45:20"[]"  
[2019-05-08 15:45:22] local.INFO: 2019-05-08 15:45:22"[]"  
[2019-05-08 15:45:24] local.INFO: 2019-05-08 15:45:24"[]"  
[2019-05-08 15:45:27] local.INFO: 2019-05-08 15:45:27"[{\"type\":\"jlffc\",\"time\":52,\"dt\":\"1557301524+60-1557301527+57\",\"kjhm\":[\"6\",\"3\",\"3\",\"7\",\"2\"],\"qs\":\"0945\",\"xqs\":\"0946\",\"new_jh\":{\"bs\":\"8\",\"hm\":\"[2,3,4,5,8]\"},\"old_jh\":\"\"}]"  
[2019-05-08 15:45:27] local.INFO: 2019-05-08 15:45:27"[]"  
[2019-05-08 15:45:28] local.INFO: 2019-05-08 15:45:28"[]"  
[2019-05-08 15:45:32] local.INFO: 2019-05-08 15:45:32"[]"  
[2019-05-08 15:45:32] local.INFO: 2019-05-08 15:45:32"[]"  
[2019-05-08 15:45:35] local.INFO: 2019-05-08 15:45:35"[]"  
[2019-05-08 15:45:37] local.INFO: 2019-05-08 15:45:37"[]"  
[2019-05-08 15:45:40] local.INFO: 2019-05-08 15:45:40"[]"  
[2019-05-08 15:45:42] local.INFO: 2019-05-08 15:45:42"[]"  
[2019-05-08 15:45:42] local.INFO: 2019-05-08 15:45:42"[]"  
[2019-05-08 15:45:43] local.INFO: 2019-05-08 15:45:43"[]"  
[2019-05-08 15:45:46] local.INFO: 2019-05-08 15:45:46"[]"  
[2019-05-08 15:45:47] local.INFO: 2019-05-08 15:45:47"[]"  
[2019-05-08 15:45:48] local.INFO: 2019-05-08 15:45:48"[]"  
[2019-05-08 15:45:50] local.INFO: 2019-05-08 15:45:50"[]"  
[2019-05-08 15:45:51] local.INFO: 2019-05-08 15:45:51"[]"  
[2019-05-08 15:45:52] local.INFO: 2019-05-08 15:45:52"[]"  
[2019-05-08 15:45:54] local.INFO: 2019-05-08 15:45:54"[]"  
[2019-05-08 15:45:56] local.INFO: 2019-05-08 15:45:56"[]"  
[2019-05-08 15:45:57] local.INFO: 2019-05-08 15:45:57"[]"  
[2019-05-08 15:45:58] local.INFO: 2019-05-08 15:45:58"[]"  
[2019-05-08 15:45:59] local.INFO: 2019-05-08 15:45:59"[]"  
[2019-05-08 15:46:02] local.INFO: 2019-05-08 15:46:02"[]"  
[2019-05-08 15:46:04] local.INFO: 2019-05-08 15:46:04"[]"  
[2019-05-08 15:46:06] local.INFO: 2019-05-08 15:46:06"[]"  
[2019-05-08 15:46:08] local.INFO: 2019-05-08 15:46:08"[{\"type\":\"jlffc\",\"time\":54,\"dt\":\"1557301567+60-1557301568+59\",\"kjhm\":[\"6\",\"7\",\"2\",\"0\",\"7\"],\"qs\":\"0946\",\"xqs\":\"0947\",\"new_jh\":{\"bs\":\"24\",\"hm\":\"[2,3,4,5,8]\"},\"old_jh\":\"\"}]"  
[2019-05-08 15:46:08] local.INFO: 2019-05-08 15:46:08"[]"  
[2019-05-08 15:46:12] local.INFO: 2019-05-08 15:46:12"[]"  
[2019-05-08 15:46:12] local.INFO: 2019-05-08 15:46:12"[]"  
[2019-05-08 15:46:14] local.INFO: 2019-05-08 15:46:14"[]"  
[2019-05-08 15:46:17] local.INFO: 2019-05-08 15:46:17"[]"  
[2019-05-08 15:46:20] local.INFO: 2019-05-08 15:46:20"[]"  
[2019-05-08 15:46:22] local.INFO: 2019-05-08 15:46:22"[]"  
[2019-05-08 15:46:22] local.INFO: 2019-05-08 15:46:22"[]"  
[2019-05-08 15:46:27] local.INFO: 2019-05-08 15:46:27"[]"  
[2019-05-08 15:46:31] local.INFO: 2019-05-08 15:46:31"[]"  
[2019-05-08 15:46:32] local.INFO: 2019-05-08 15:46:32"[]"  
[2019-05-08 15:46:32] local.INFO: 2019-05-08 15:46:32"[]"  
[2019-05-08 15:46:35] local.INFO: 2019-05-08 15:46:35"[]"  
[2019-05-08 15:46:37] local.INFO: 2019-05-08 15:46:37"[]"  
[2019-05-08 15:46:39] local.INFO: 2019-05-08 15:46:39"[]"  
[2019-05-08 15:46:40] local.INFO: 2019-05-08 15:46:40"[]"  
[2019-05-08 15:46:42] local.INFO: 2019-05-08 15:46:42"[]"  
[2019-05-08 15:46:43] local.INFO: 2019-05-08 15:46:43"[]"  
[2019-05-08 15:46:47] local.INFO: 2019-05-08 15:46:47"[]"  
[2019-05-08 15:46:48] local.INFO: 2019-05-08 15:46:48"[]"  
[2019-05-08 15:46:51] local.INFO: 2019-05-08 15:46:51"[]"  
[2019-05-08 15:46:52] local.INFO: 2019-05-08 15:46:52"[]"  
[2019-05-08 15:46:56] local.INFO: 2019-05-08 15:46:56"[]"  
[2019-05-08 15:46:57] local.INFO: 2019-05-08 15:46:57"[]"  
[2019-05-08 15:46:59] local.INFO: 2019-05-08 15:46:59"[]"  
[2019-05-08 15:47:00] local.INFO: 2019-05-08 15:47:00"[]"  
[2019-05-08 15:47:02] local.INFO: 2019-05-08 15:47:02"[]"  
[2019-05-08 15:47:04] local.INFO: 2019-05-08 15:47:04"[]"  
[2019-05-08 15:47:07] local.INFO: 2019-05-08 15:47:07"[]"  
[2019-05-08 15:47:07] local.INFO: 2019-05-08 15:47:07"[]"  
[2019-05-08 15:47:08] local.INFO: 2019-05-08 15:47:08"[]"  
[2019-05-08 15:47:12] local.INFO: 2019-05-08 15:47:12"[]"  
[2019-05-08 15:47:12] local.INFO: 2019-05-08 15:47:12"[]"  
[2019-05-08 15:47:15] local.INFO: 2019-05-08 15:47:15"[]"  
[2019-05-08 15:47:17] local.INFO: 2019-05-08 15:47:17"[]"  
[2019-05-08 15:47:20] local.INFO: 2019-05-08 15:47:20"[]"  
[2019-05-08 15:47:22] local.INFO: 2019-05-08 15:47:22"[]"  
[2019-05-08 15:47:22] local.INFO: 2019-05-08 15:47:22"[]"  
[2019-05-08 15:47:23] local.INFO: 2019-05-08 15:47:23"[]"  
[2019-05-08 15:47:27] local.INFO: 2019-05-08 15:47:27"[]"  
[2019-05-08 15:47:28] local.INFO: 2019-05-08 15:47:28"[]"  
[2019-05-08 15:47:30] local.INFO: 2019-05-08 15:47:30"[]"  
[2019-05-08 15:47:31] local.INFO: 2019-05-08 15:47:31"[]"  
[2019-05-08 15:47:32] local.INFO: 2019-05-08 15:47:32"[]"  
[2019-05-08 15:47:36] local.INFO: 2019-05-08 15:47:36"[]"  
[2019-05-08 15:47:37] local.INFO: 2019-05-08 15:47:37"[]"  
[2019-05-08 15:47:38] local.INFO: 2019-05-08 15:47:38"[]"  
[2019-05-08 15:47:39] local.INFO: 2019-05-08 15:47:39"[]"  
[2019-05-08 15:47:42] local.INFO: 2019-05-08 15:47:42"[]"  
[2019-05-08 15:47:44] local.INFO: 2019-05-08 15:47:44"[]"  
[2019-05-08 15:47:46] local.INFO: 2019-05-08 15:47:46"[]"  
[2019-05-08 15:47:47] local.INFO: 2019-05-08 15:47:47"[]"  
[2019-05-08 15:47:47] local.INFO: 2019-05-08 15:47:47"[]"  
[2019-05-08 15:47:52] local.INFO: 2019-05-08 15:47:52"[]"  
[2019-05-08 15:47:52] local.INFO: 2019-05-08 15:47:52"[]"  
[2019-05-08 15:47:54] local.INFO: 2019-05-08 15:47:54"[]"  
[2019-05-08 15:47:55] local.INFO: 2019-05-08 15:47:55"[]"  
[2019-05-08 15:47:57] local.INFO: 2019-05-08 15:47:57"[]"  
[2019-05-08 15:48:00] local.INFO: 2019-05-08 15:48:00"[]"  
[2019-05-08 15:48:02] local.INFO: 2019-05-08 15:48:02"[]"  
[2019-05-08 15:48:02] local.INFO: 2019-05-08 15:48:02"[]"  
[2019-05-08 15:48:04] local.INFO: 2019-05-08 15:48:04"[]"  
[2019-05-08 15:48:08] local.INFO: 2019-05-08 15:48:08"[]"  
[2019-05-08 15:48:11] local.INFO: 2019-05-08 15:48:11"[{\"type\":\"og3k3\",\"time\":173,\"dt\":\"1557301689+180-1557301691+178\",\"kjhm\":[\"1\",\"3\",\"4\"],\"qs\":\"8316\",\"xqs\":\"8317\",\"new_jh\":{\"bs\":\"1\",\"hm\":\"\\u53cc\"},\"old_jh\":\"\"},{\"type\":\"tspk10\",\"time\":173,\"dt\":\"1557301689+180-1557301691+178\",\"kjhm\":[\"9\",\"6\",\"3\",\"7\",\"8\",\"2\",\"5\",\"4\",\"10\",\"1\"],\"qs\":\"8316\",\"xqs\":\"8317\",\"new_jh\":{\"bs\":\"8\",\"hm\":\"[1,2,3,4,6]\"},\"old_jh\":\"\"},{\"type\":\"jlpk10\",\"time\":53,\"dt\":\"1557301689+60-1557301691+58\",\"kjhm\":[\"6\",\"1\",\"3\",\"10\",\"7\",\"2\",\"4\",\"5\",\"9\",\"8\"],\"qs\":\"0948\",\"xqs\":\"0949\",\"new_jh\":{\"bs\":\"1\",\"hm\":\"[1,4,8,9,10]\"},\"old_jh\":\"\"},{\"type\":\"jlffc\",\"time\":53,\"dt\":\"1557301689+60-1557301691+58\",\"kjhm\":[\"1\",\"0\",\"4\",\"8\",\"3\"],\"qs\":\"0948\",\"xqs\":\"0949\",\"new_jh\":{\"bs\":\"1\",\"hm\":\"[0,2,3,6,9]\"},\"old_jh\":\"\"},{\"type\":\"og1k3\",\"time\":53,\"dt\":\"1557301689+60-1557301691+58\",\"kjhm\":[\"4\",\"5\",\"6\"],\"qs\":\"0948\",\"xqs\":\"0949\",\"new_jh\":{\"bs\":\"72\",\"hm\":\"\\u53cc\"},\"old_jh\":\"\"}]"  
[2019-05-08 15:48:11] local.INFO: 2019-05-08 15:48:11"[]"  
[2019-05-08 15:48:12] local.INFO: 2019-05-08 15:48:12"[]"  
[2019-05-08 15:48:12] local.INFO: 2019-05-08 15:48:12"[]"  
[2019-05-08 15:48:13] local.INFO: 2019-05-08 15:48:13"[]"  
[2019-05-08 15:48:13] local.INFO: 2019-05-08 15:48:13"[]"  
[2019-05-08 15:48:17] local.INFO: 2019-05-08 15:48:17"[]"  
[2019-05-08 15:48:21] local.INFO: 2019-05-08 15:48:21"[]"  
[2019-05-08 15:48:22] local.INFO: 2019-05-08 15:48:22"[]"  
[2019-05-08 15:48:22] local.INFO: 2019-05-08 15:48:22"[]"  
[2019-05-08 15:48:27] local.INFO: 2019-05-08 15:48:27"[]"  
[2019-05-08 15:48:29] local.INFO: 2019-05-08 15:48:29"[]"  
[2019-05-08 15:48:30] local.INFO: 2019-05-08 15:48:30"[]"  
[2019-05-08 15:48:32] local.INFO: 2019-05-08 15:48:32"[]"  
[2019-05-08 15:48:34] local.INFO: 2019-05-08 15:48:34"[]"  
[2019-05-08 15:48:37] local.INFO: 2019-05-08 15:48:37"[]"  
[2019-05-08 15:48:37] local.INFO: 2019-05-08 15:48:37"[]"  
[2019-05-08 15:48:38] local.INFO: 2019-05-08 15:48:38"[]"  
[2019-05-08 15:48:38] local.INFO: 2019-05-08 15:48:38"[]"  
[2019-05-08 15:48:42] local.INFO: 2019-05-08 15:48:42"[]"  
[2019-05-08 15:48:42] local.INFO: 2019-05-08 15:48:42"[]"  
[2019-05-08 15:48:45] local.INFO: 2019-05-08 15:48:45"[]"  
[2019-05-08 15:48:46] local.INFO: 2019-05-08 15:48:46"[]"  
[2019-05-08 15:48:47] local.INFO: 2019-05-08 15:48:47"[]"  
[2019-05-08 15:48:50] local.INFO: 2019-05-08 15:48:50"[]"  
[2019-05-08 15:48:52] local.INFO: 2019-05-08 15:48:52"[]"  
[2019-05-08 15:48:53] local.INFO: 2019-05-08 15:48:53"[]"  
[2019-05-08 15:48:54] local.INFO: 2019-05-08 15:48:54"[]"  
[2019-05-08 15:48:57] local.INFO: 2019-05-08 15:48:57"[]"  
[2019-05-08 15:48:58] local.INFO: 2019-05-08 15:48:58"[]"  
[2019-05-08 15:49:01] local.INFO: 2019-05-08 15:49:01"[]"  
[2019-05-08 15:49:02] local.INFO: 2019-05-08 15:49:02"[]"  
[2019-05-08 15:49:02] local.INFO: 2019-05-08 15:49:02"[]"  
[2019-05-08 15:49:06] local.INFO: 2019-05-08 15:49:06"[]"  
[2019-05-08 15:49:06] local.INFO: 2019-05-08 15:49:06"[]"  
[2019-05-08 15:49:07] local.INFO: 2019-05-08 15:49:07"[]"  
[2019-05-08 15:49:09] local.INFO: 2019-05-08 15:49:09"[]"  
[2019-05-08 15:49:10] local.INFO: 2019-05-08 15:49:10"[]"  
[2019-05-08 15:49:12] local.INFO: 2019-05-08 15:49:12"[]"  
[2019-05-08 15:49:15] local.INFO: 2019-05-08 15:49:15"[{\"type\":\"jlpk10\",\"time\":53,\"dt\":\"1557301753+60-1557301755+58\",\"kjhm\":[\"2\",\"9\",\"8\",\"7\",\"3\",\"1\",\"5\",\"4\",\"6\",\"10\"],\"qs\":\"0949\",\"xqs\":\"0950\",\"new_jh\":{\"bs\":\"3\",\"hm\":\"[1,4,8,9,10]\"},\"old_jh\":\"\"},{\"type\":\"jlffc\",\"time\":53,\"dt\":\"1557301753+60-1557301755+58\",\"kjhm\":[\"4\",\"9\",\"2\",\"9\",\"7\"],\"qs\":\"0949\",\"xqs\":\"0950\",\"new_jh\":{\"bs\":\"3\",\"hm\":\"[0,2,3,6,9]\"},\"old_jh\":\"\"},{\"type\":\"og1k3\",\"time\":53,\"dt\":\"1557301753+60-1557301755+58\",\"kjhm\":[\"2\",\"4\",\"4\"],\"qs\":\"0949\",\"xqs\":\"0950\",\"new_jh\":{\"bs\":\"1\",\"hm\":\"\\u5355\"},\"old_jh\":\"\"}]"  
[2019-05-08 15:49:16] local.INFO: 2019-05-08 15:49:16"[]"  
[2019-05-08 15:49:17] local.INFO: 2019-05-08 15:49:17"[]"  
[2019-05-08 15:49:17] local.INFO: 2019-05-08 15:49:17"[]"  
[2019-05-08 15:49:18] local.INFO: 2019-05-08 15:49:18"[]"  
[2019-05-08 15:49:22] local.INFO: 2019-05-08 15:49:22"[]"  
[2019-05-08 15:49:22] local.INFO: 2019-05-08 15:49:22"[]"  
[2019-05-08 15:49:23] local.INFO: 2019-05-08 15:49:23"[]"  
[2019-05-08 15:49:25] local.INFO: 2019-05-08 15:49:25"[]"  
[2019-05-08 15:49:26] local.INFO: 2019-05-08 15:49:26"[]"  
[2019-05-08 15:49:27] local.INFO: 2019-05-08 15:49:27"[]"  
[2019-05-08 15:49:27] local.INFO: 2019-05-08 15:49:27"[]"  
[2019-05-08 15:49:29] local.INFO: 2019-05-08 15:49:29"[]"  
[2019-05-08 15:49:30] local.INFO: 2019-05-08 15:49:30"[]"  
[2019-05-08 15:49:32] local.INFO: 2019-05-08 15:49:32"[]"  
[2019-05-08 15:49:33] local.INFO: 2019-05-08 15:49:33"[]"  
[2019-05-08 15:49:34] local.INFO: 2019-05-08 15:49:34"[]"  
[2019-05-08 15:49:37] local.INFO: 2019-05-08 15:49:37"[]"  
[2019-05-08 15:49:37] local.INFO: 2019-05-08 15:49:37"[]"  
[2019-05-08 15:49:38] local.INFO: 2019-05-08 15:49:38"[]"  
[2019-05-08 15:49:40] local.INFO: 2019-05-08 15:49:40"[]"  
[2019-05-08 15:49:42] local.INFO: 2019-05-08 15:49:42"[]"  
[2019-05-08 15:49:42] local.INFO: 2019-05-08 15:49:42"[]"  
[2019-05-08 15:49:45] local.INFO: 2019-05-08 15:49:45"[]"  
[2019-05-08 15:49:46] local.INFO: 2019-05-08 15:49:46"[]"  
[2019-05-08 15:49:47] local.INFO: 2019-05-08 15:49:47"[]"  
[2019-05-08 15:49:48] local.INFO: 2019-05-08 15:49:48"[]"  
[2019-05-08 15:49:50] local.INFO: 2019-05-08 15:49:50"[]"  
[2019-05-08 15:49:52] local.INFO: 2019-05-08 15:49:52"[]"  
[2019-05-08 15:49:53] local.INFO: 2019-05-08 15:49:53"[]"  
[2019-05-08 15:49:54] local.INFO: 2019-05-08 15:49:54"[]"  
[2019-05-08 15:49:56] local.INFO: 2019-05-08 15:49:56"[]"  
[2019-05-08 15:49:57] local.INFO: 2019-05-08 15:49:57"[]"  
[2019-05-08 15:49:58] local.INFO: 2019-05-08 15:49:58"[]"  
[2019-05-08 15:50:01] local.INFO: 2019-05-08 15:50:01"[]"  
[2019-05-08 15:50:02] local.INFO: 2019-05-08 15:50:02"[]"  
[2019-05-08 15:50:04] local.INFO: 2019-05-08 15:50:04"[]"  
[2019-05-08 15:50:06] local.INFO: 2019-05-08 15:50:06"[]"  
[2019-05-08 15:50:07] local.INFO: 2019-05-08 15:50:07"[]"  
[2019-05-08 15:50:09] local.INFO: 2019-05-08 15:50:09"[]"  
[2019-05-08 15:50:12] local.INFO: 2019-05-08 15:50:12"[]"  
[2019-05-08 15:50:12] local.INFO: 2019-05-08 15:50:12"[]"  
[2019-05-08 15:50:13] local.INFO: 2019-05-08 15:50:13"[]"  
[2019-05-08 15:50:15] local.INFO: 2019-05-08 15:50:15"[{\"type\":\"og5k3\",\"time\":294,\"dt\":\"1557301814+300-1557301815+299\",\"kjhm\":[\"4\",\"6\",\"6\"],\"qs\":\"8190\",\"xqs\":\"8191\",\"new_jh\":{\"bs\":\"24\",\"hm\":\"\\u5355\"},\"old_jh\":\"\"},{\"type\":\"tfpk10\",\"time\":294,\"dt\":\"1557301814+300-1557301815+299\",\"kjhm\":[\"2\",\"6\",\"7\",\"1\",\"4\",\"10\",\"5\",\"8\",\"3\",\"9\"],\"qs\":\"8190\",\"xqs\":\"8191\",\"new_jh\":{\"bs\":\"1\",\"hm\":\"[2,4,5,6,10]\"},\"old_jh\":\"\"},{\"type\":\"tfffc\",\"time\":294,\"dt\":\"1557301814+300-1557301815+299\",\"kjhm\":[\"0\",\"0\",\"1\",\"3\",\"4\"],\"qs\":\"8190\",\"xqs\":\"8191\",\"new_jh\":{\"bs\":\"8\",\"hm\":\"[2,3,5,6,9]\"},\"old_jh\":\"\"},{\"type\":\"jlffc\",\"time\":54,\"dt\":\"1557301814+60-1557301815+59\",\"kjhm\":[\"6\",\"8\",\"5\",\"9\",\"4\"],\"qs\":\"0950\",\"xqs\":\"0951\",\"new_jh\":{\"bs\":\"1\",\"hm\":\"[0,1,7,8,9]\"},\"old_jh\":\"\"}]"  
[2019-05-08 15:50:17] local.INFO: 2019-05-08 15:50:17"[]"  
[2019-05-08 15:50:20] local.INFO: 2019-05-08 15:50:20"[]"  
[2019-05-08 15:50:22] local.INFO: 2019-05-08 15:50:22"[]"  
[2019-05-08 15:50:22] local.INFO: 2019-05-08 15:50:22"[]"  
[2019-05-08 15:50:27] local.INFO: 2019-05-08 15:50:27"[]"  
[2019-05-08 15:50:28] local.INFO: 2019-05-08 15:50:28"[]"  
[2019-05-08 15:50:30] local.INFO: 2019-05-08 15:50:30"[]"  
[2019-05-08 15:50:32] local.INFO: 2019-05-08 15:50:32"[]"  
[2019-05-08 15:50:36] local.INFO: 2019-05-08 15:50:36"[]"  
[2019-05-08 15:50:37] local.INFO: 2019-05-08 15:50:37"[]"  
[2019-05-08 15:50:38] local.INFO: 2019-05-08 15:50:38"[]"  
[2019-05-08 15:50:42] local.INFO: 2019-05-08 15:50:42"[]"  
[2019-05-08 15:50:44] local.INFO: 2019-05-08 15:50:44"[]"  
[2019-05-08 15:50:44] local.INFO: 2019-05-08 15:50:44"[]"  
[2019-05-08 15:50:46] local.INFO: 2019-05-08 15:50:46"[]"  
[2019-05-08 15:50:47] local.INFO: 2019-05-08 15:50:47"[]"  
[2019-05-08 15:50:51] local.INFO: 2019-05-08 15:50:51"[]"  
[2019-05-08 15:50:53] local.INFO: 2019-05-08 15:50:53"[]"  
[2019-05-08 15:50:53] local.INFO: 2019-05-08 15:50:53"[]"  
[2019-05-08 15:50:54] local.INFO: 2019-05-08 15:50:54"[]"  
[2019-05-08 15:50:57] local.INFO: 2019-05-08 15:50:57"[]"  
[2019-05-08 15:50:59] local.INFO: 2019-05-08 15:50:59"[]"  
[2019-05-08 15:51:00] local.INFO: 2019-05-08 15:51:00"[]"  
[2019-05-08 15:51:02] local.INFO: 2019-05-08 15:51:02"[]"  
[2019-05-08 15:51:02] local.INFO: 2019-05-08 15:51:02"[]"  
[2019-05-08 15:51:07] local.INFO: 2019-05-08 15:51:07"[]"  
[2019-05-08 15:51:08] local.INFO: 2019-05-08 15:51:08"[]"  
[2019-05-08 15:51:08] local.INFO: 2019-05-08 15:51:08"[]"  
[2019-05-08 15:51:11] local.INFO: 2019-05-08 15:51:11"[{\"type\":\"og3k3\",\"time\":173,\"dt\":\"1557301869+180-1557301871+178\",\"kjhm\":[\"2\",\"4\",\"5\"],\"qs\":\"8317\",\"xqs\":\"8318\",\"new_jh\":{\"bs\":\"3\",\"hm\":\"\\u53cc\"},\"old_jh\":\"\"},{\"type\":\"tsffc\",\"time\":173,\"dt\":\"1557301869+180-1557301871+178\",\"kjhm\":[\"5\",\"0\",\"6\",\"1\",\"3\"],\"qs\":\"8317\",\"xqs\":\"8318\",\"new_jh\":{\"bs\":\"8\",\"hm\":\"[0,3,4,6,7]\"},\"old_jh\":\"\"},{\"type\":\"tspk10\",\"time\":173,\"dt\":\"1557301869+180-1557301871+178\",\"kjhm\":[\"1\",\"6\",\"2\",\"7\",\"4\",\"10\",\"5\",\"8\",\"9\",\"3\"],\"qs\":\"8317\",\"xqs\":\"8318\",\"new_jh\":{\"bs\":\"1\",\"hm\":\"[1,6,7,8,9]\"},\"old_jh\":\"\"},{\"type\":\"jlpk10\",\"time\":53,\"dt\":\"1557301869+60-1557301871+58\",\"kjhm\":[\"9\",\"7\",\"6\",\"5\",\"1\",\"3\",\"2\",\"8\",\"10\",\"4\"],\"qs\":\"0951\",\"xqs\":\"0952\",\"new_jh\":{\"bs\":\"1\",\"hm\":\"[2,3,4,6,8]\"},\"old_jh\":\"\"},{\"type\":\"jlffc\",\"time\":53,\"dt\":\"1557301869+60-1557301871+58\",\"kjhm\":[\"3\",\"2\",\"5\",\"1\",\"1\"],\"qs\":\"0951\",\"xqs\":\"0952\",\"new_jh\":{\"bs\":\"3\",\"hm\":\"[0,1,7,8,9]\"},\"old_jh\":\"\"},{\"type\":\"og1k3\",\"time\":53,\"dt\":\"1557301869+60-1557301871+58\",\"kjhm\":[\"2\",\"2\",\"6\"],\"qs\":\"0951\",\"xqs\":\"0952\",\"new_jh\":{\"bs\":\"3\",\"hm\":\"\\u5355\"},\"old_jh\":\"\"}]"  
[2019-05-08 15:51:12] local.INFO: 2019-05-08 15:51:12"[]"  
[2019-05-08 15:51:15] local.INFO: 2019-05-08 15:51:15"[]"  
[2019-05-08 15:51:16] local.INFO: 2019-05-08 15:51:16"[]"  
[2019-05-08 15:51:17] local.INFO: 2019-05-08 15:51:17"[]"  
[2019-05-08 15:51:18] local.INFO: 2019-05-08 15:51:18"[]"  
[2019-05-08 15:51:19] local.INFO: 2019-05-08 15:51:19"[]"  
[2019-05-08 15:51:22] local.INFO: 2019-05-08 15:51:22"[]"  
[2019-05-08 15:51:24] local.INFO: 2019-05-08 15:51:24"[]"  
[2019-05-08 15:51:24] local.INFO: 2019-05-08 15:51:24"[]"  
[2019-05-08 15:51:26] local.INFO: 2019-05-08 15:51:26"[]"  
[2019-05-08 15:51:27] local.INFO: 2019-05-08 15:51:27"[]"  
[2019-05-08 15:51:31] local.INFO: 2019-05-08 15:51:31"[]"  
[2019-05-08 15:51:32] local.INFO: 2019-05-08 15:51:32"[]"  
[2019-05-08 15:51:32] local.INFO: 2019-05-08 15:51:32"[]"  
[2019-05-08 15:51:34] local.INFO: 2019-05-08 15:51:34"[]"  
[2019-05-08 15:51:37] local.INFO: 2019-05-08 15:51:37"[]"  
[2019-05-08 15:51:39] local.INFO: 2019-05-08 15:51:39"[]"  
[2019-05-08 15:51:40] local.INFO: 2019-05-08 15:51:40"[]"  
[2019-05-08 15:51:42] local.INFO: 2019-05-08 15:51:42"[]"  
[2019-05-08 15:51:42] local.INFO: 2019-05-08 15:51:42"[]"  
[2019-05-08 15:51:47] local.INFO: 2019-05-08 15:51:47"[]"  
[2019-05-08 15:51:47] local.INFO: 2019-05-08 15:51:47"[]"  
[2019-05-08 15:51:49] local.INFO: 2019-05-08 15:51:49"[]"  
[2019-05-08 15:51:50] local.INFO: 2019-05-08 15:51:50"[]"  
[2019-05-08 15:51:52] local.INFO: 2019-05-08 15:51:52"[]"  
[2019-05-08 15:51:56] local.INFO: 2019-05-08 15:51:56"[]"  
[2019-05-08 15:51:57] local.INFO: 2019-05-08 15:51:57"[]"  
[2019-05-08 15:51:57] local.INFO: 2019-05-08 15:51:57"[]"  
[2019-05-08 15:51:58] local.INFO: 2019-05-08 15:51:58"[]"  
[2019-05-08 15:52:02] local.INFO: 2019-05-08 15:52:02"[]"  
[2019-05-08 15:52:03] local.INFO: 2019-05-08 15:52:03"[]"  
[2019-05-08 15:52:05] local.INFO: 2019-05-08 15:52:05"[]"  
[2019-05-08 15:52:06] local.INFO: 2019-05-08 15:52:06"[]"  
[2019-05-08 15:52:07] local.INFO: 2019-05-08 15:52:07"[]"  
[2019-05-08 15:52:09] local.ERROR: Client error: `GET http://awardopen.com/newly.do?token=4TeMEVEr8koP1pgowrQB&format=json&rows=1&code=OG1K3,JLFFC,JLPK10,OG3K3,TSFFC,TSPK10,OG5K3,TFFFC,TFPK10,OG10K3,OG10FFC,OG10PK10,BJPK10,CQSSC,JSK3,GD11X5` resulted in a `429 Too Many Requests` response:
API calls quota exceeded! maximum admitted 1 per 3s.
 {"exception":"[object] (GuzzleHttp\\Exception\\ClientException(code: 429): Client error: `GET http://awardopen.com/newly.do?token=4TeMEVEr8koP1pgowrQB&format=json&rows=1&code=OG1K3,JLFFC,JLPK10,OG3K3,TSFFC,TSPK10,OG5K3,TFFFC,TFPK10,OG10K3,OG10FFC,OG10PK10,BJPK10,CQSSC,JSK3,GD11X5` resulted in a `429 Too Many Requests` response:
API calls quota exceeded! maximum admitted 1 per 3s.
 at /www/wwwroot/17gma9.com/zxjh/vendor/guzzlehttp/guzzle/src/Exception/RequestException.php:113)
[stacktrace]
#0 /www/wwwroot/17gma9.com/zxjh/vendor/guzzlehttp/guzzle/src/Middleware.php(66): GuzzleHttp\\Exception\\RequestException::create(Object(GuzzleHttp\\Psr7\\Request), Object(GuzzleHttp\\Psr7\\Response))
#1 /www/wwwroot/17gma9.com/zxjh/vendor/guzzlehttp/promises/src/Promise.php(203): GuzzleHttp\\Middleware::GuzzleHttp\\{closure}(Object(GuzzleHttp\\Psr7\\Response))
#2 /www/wwwroot/17gma9.com/zxjh/vendor/guzzlehttp/promises/src/Promise.php(156): GuzzleHttp\\Promise\\Promise::callHandler(1, Object(GuzzleHttp\\Psr7\\Response), Array)
#3 /www/wwwroot/17gma9.com/zxjh/vendor/guzzlehttp/promises/src/TaskQueue.php(47): GuzzleHttp\\Promise\\Promise::GuzzleHttp\\Promise\\{closure}()
#4 /www/wwwroot/17gma9.com/zxjh/vendor/guzzlehttp/promises/src/Promise.php(246): GuzzleHttp\\Promise\\TaskQueue->run(true)
#5 /www/wwwroot/17gma9.com/zxjh/vendor/guzzlehttp/promises/src/Promise.php(223): GuzzleHttp\\Promise\\Promise->invokeWaitFn()
#6 /www/wwwroot/17gma9.com/zxjh/vendor/guzzlehttp/promises/src/Promise.php(267): GuzzleHttp\\Promise\\Promise->waitIfPending()
#7 /www/wwwroot/17gma9.com/zxjh/vendor/guzzlehttp/promises/src/Promise.php(225): GuzzleHttp\\Promise\\Promise->invokeWaitList()
#8 /www/wwwroot/17gma9.com/zxjh/vendor/guzzlehttp/promises/src/Promise.php(62): GuzzleHttp\\Promise\\Promise->waitIfPending()
#9 /www/wwwroot/17gma9.com/zxjh/vendor/guzzlehttp/guzzle/src/Client.php(131): GuzzleHttp\\Promise\\Promise->wait()
#10 /www/wwwroot/17gma9.com/zxjh/app/Http/Controllers/Api/ZxjhController.php(61): GuzzleHttp\\Client->request('GET', 'http://awardope...')
#11 /www/wwwroot/17gma9.com/zxjh/app/Console/Commands/realTimeUpdate.php(42): App\\Http\\Controllers\\Api\\ZxjhController->realTimeUpdate()
#12 [internal function]: App\\Console\\Commands\ealTimeUpdate->handle()
#13 /www/wwwroot/17gma9.com/zxjh/vendor/laravel/framework/src/Illuminate/Container/BoundMethod.php(29): call_user_func_array(Array, Array)
#14 /www/wwwroot/17gma9.com/zxjh/vendor/laravel/framework/src/Illuminate/Container/BoundMethod.php(87): Illuminate\\Container\\BoundMethod::Illuminate\\Container\\{closure}()
#15 /www/wwwroot/17gma9.com/zxjh/vendor/laravel/framework/src/Illuminate/Container/BoundMethod.php(31): Illuminate\\Container\\BoundMethod::callBoundMethod(Object(Illuminate\\Foundation\\Application), Array, Object(Closure))
#16 /www/wwwroot/17gma9.com/zxjh/vendor/laravel/framework/src/Illuminate/Container/Container.php(549): Illuminate\\Container\\BoundMethod::call(Object(Illuminate\\Foundation\\Application), Array, Array, NULL)
#17 /www/wwwroot/17gma9.com/zxjh/vendor/laravel/framework/src/Illuminate/Console/Command.php(183): Illuminate\\Container\\Container->call(Array)
#18 /www/wwwroot/17gma9.com/zxjh/vendor/symfony/console/Command/Command.php(255): Illuminate\\Console\\Command->execute(Object(Symfony\\Component\\Console\\Input\\ArgvInput), Object(Illuminate\\Console\\OutputStyle))
#19 /www/wwwroot/17gma9.com/zxjh/vendor/laravel/framework/src/Illuminate/Console/Command.php(170): Symfony\\Component\\Console\\Command\\Command->run(Object(Symfony\\Component\\Console\\Input\\ArgvInput), Object(Illuminate\\Console\\OutputStyle))
#20 /www/wwwroot/17gma9.com/zxjh/vendor/symfony/console/Application.php(960): Illuminate\\Console\\Command->run(Object(Symfony\\Component\\Console\\Input\\ArgvInput), Object(Symfony\\Component\\Console\\Output\\ConsoleOutput))
#21 /www/wwwroot/17gma9.com/zxjh/vendor/symfony/console/Application.php(255): Symfony\\Component\\Console\\Application->doRunCommand(Object(App\\Console\\Commands\ealTimeUpdate), Object(Symfony\\Component\\Console\\Input\\ArgvInput), Object(Symfony\\Component\\Console\\Output\\ConsoleOutput))
#22 /www/wwwroot/17gma9.com/zxjh/vendor/symfony/console/Application.php(148): Symfony\\Component\\Console\\Application->doRun(Object(Symfony\\Component\\Console\\Input\\ArgvInput), Object(Symfony\\Component\\Console\\Output\\ConsoleOutput))
#23 /www/wwwroot/17gma9.com/zxjh/vendor/laravel/framework/src/Illuminate/Console/Application.php(88): Symfony\\Component\\Console\\Application->run(Object(Symfony\\Component\\Console\\Input\\ArgvInput), Object(Symfony\\Component\\Console\\Output\\ConsoleOutput))
#24 /www/wwwroot/17gma9.com/zxjh/vendor/laravel/framework/src/Illuminate/Foundation/Console/Kernel.php(121): Illuminate\\Console\\Application->run(Object(Symfony\\Component\\Console\\Input\\ArgvInput), Object(Symfony\\Component\\Console\\Output\\ConsoleOutput))
#25 /www/wwwroot/17gma9.com/zxjh/artisan(37): Illuminate\\Foundation\\Console\\Kernel->handle(Object(Symfony\\Component\\Console\\Input\\ArgvInput), Object(Symfony\\Component\\Console\\Output\\ConsoleOutput))
#26 {main}
"} 
[2019-05-08 15:52:12] local.INFO: 2019-05-08 15:52:12"[]"  
[2019-05-08 15:52:12] local.INFO: 2019-05-08 15:52:12"[]"  
[2019-05-08 15:52:15] local.INFO: 2019-05-08 15:52:15"[{\"type\":\"jlpk10\",\"time\":53,\"dt\":\"1557301933+60-1557301935+58\",\"kjhm\":[\"5\",\"9\",\"8\",\"4\",\"6\",\"1\",\"7\",\"10\",\"3\",\"2\"],\"qs\":\"0952\",\"xqs\":\"0953\",\"new_jh\":{\"bs\":\"3\",\"hm\":\"[2,3,4,6,8]\"},\"old_jh\":\"\"},{\"type\":\"jlffc\",\"time\":53,\"dt\":\"1557301933+60-1557301935+58\",\"kjhm\":[\"1\",\"3\",\"8\",\"7\",\"6\"],\"qs\":\"0952\",\"xqs\":\"0953\",\"new_jh\":{\"bs\":\"1\",\"hm\":\"[0,1,4,8,9]\"},\"old_jh\":\"\"},{\"type\":\"og1k3\",\"time\":53,\"dt\":\"1557301933+60-1557301935+58\",\"kjhm\":[\"2\",\"3\",\"6\"],\"qs\":\"0952\",\"xqs\":\"0953\",\"new_jh\":{\"bs\":\"1\",\"hm\":\"\\u5355\"},\"old_jh\":\"\"},{\"type\":\"gd11x5\",\"time\":1083,\"dt\":\"1557301933+1090-1557301935+1088\",\"kjhm\":[\"09\",\"03\",\"11\",\"05\",\"06\"],\"qs\":\"8020\",\"xqs\":\"8021\",\"new_jh\":{\"bs\":\"1\",\"hm\":\"[1,2,3,6,9]\"},\"old_jh\":\"\"},{\"type\":\"cqssc\",\"time\":1083,\"dt\":\"1557301933+1090-1557301935+1088\",\"kjhm\":[\"5\",\"1\",\"8\",\"9\",\"4\"],\"qs\":\"8035\",\"xqs\":\"8036\",\"new_jh\":{\"bs\":\"1\",\"hm\":\"[4,5,6,7,9]\"},\"old_jh\":\"\"}]"  
[2019-05-08 15:52:17] local.INFO: 2019-05-08 15:52:17"[]"  
[2019-05-08 15:52:20] local.INFO: 2019-05-08 15:52:20"[]"  
[2019-05-08 15:52:22] local.INFO: 2019-05-08 15:52:22"[]"  
[2019-05-08 15:52:22] local.INFO: 2019-05-08 15:52:22"[]"  
[2019-05-08 15:52:27] local.INFO: 2019-05-08 15:52:27"[]"  
[2019-05-08 15:52:27] local.INFO: 2019-05-08 15:52:27"[]"  
[2019-05-08 15:52:28] local.INFO: 2019-05-08 15:52:28"[]"  
[2019-05-08 15:52:29] local.INFO: 2019-05-08 15:52:29"[]"  
[2019-05-08 15:52:30] local.INFO: 2019-05-08 15:52:30"[]"  
[2019-05-08 15:52:32] local.INFO: 2019-05-08 15:52:32"[]"  
[2019-05-08 15:52:37] local.INFO: 2019-05-08 15:52:37"[]"  
[2019-05-08 15:52:38] local.INFO: 2019-05-08 15:52:38"[]"  
[2019-05-08 15:52:42] local.INFO: 2019-05-08 15:52:42"[]"  
[2019-05-08 15:52:46] local.INFO: 2019-05-08 15:52:46"[]"  
[2019-05-08 15:52:47] local.INFO: 2019-05-08 15:52:47"[]"  
[2019-05-08 15:52:52] local.INFO: 2019-05-08 15:52:52"[]"  
[2019-05-08 15:52:54] local.INFO: 2019-05-08 15:52:54"[]"  
[2019-05-08 15:52:58] local.INFO: 2019-05-08 15:52:58"[]"  
[2019-05-08 15:53:03] local.INFO: 2019-05-08 15:53:03"[{\"type\":\"bjpk10\",\"time\":1083,\"dt\":\"1557301981+1090-1557301983+1088\",\"kjhm\":[\"7\",\"4\",\"9\",\"10\",\"6\",\"3\",\"8\",\"2\",\"1\",\"5\"],\"qs\":\"3195\",\"xqs\":\"3196\",\"new_jh\":{\"bs\":\"1\",\"hm\":\"[1,3,4,5,7]\"},\"old_jh\":\"\"}]"  
[2019-05-08 15:53:03] local.INFO: 2019-05-08 15:53:03"[]"  
[2019-05-08 15:53:11] local.INFO: 2019-05-08 15:53:11"{\"0\":{\"type\":\"jlffc\",\"time\":53,\"dt\":\"1557301989+60-1557301991+58\",\"kjhm\":[\"4\",\"2\",\"1\",\"6\",\"3\"],\"qs\":\"0953\",\"xqs\":\"0954\",\"new_jh\":{\"bs\":\"1\",\"hm\":\"[1,3,6,8,9]\"},\"old_jh\":\"\"},\"1\":{\"type\":\"jlpk10\",\"time\":53,\"dt\":\"1557301989+60-1557301991+58\",\"kjhm\":[\"3\",\"5\",\"4\",\"6\",\"7\",\"2\",\"1\",\"10\",\"8\",\"9\"],\"qs\":\"0953\",\"xqs\":\"0954\",\"new_jh\":{\"bs\":\"1\",\"hm\":\"[1,2,4,6,7]\"},\"old_jh\":\"\"},\"3\":{\"type\":\"og1k3\",\"time\":53,\"dt\":\"1557301989+60-1557301991+58\",\"kjhm\":[\"1\",\"2\",\"2\"],\"qs\":\"0953\",\"xqs\":\"0954\",\"new_jh\":{\"bs\":\"1\",\"hm\":\"\\u5355\"},\"old_jh\":\"\"}}"  
[2019-05-08 15:53:14] local.INFO: 2019-05-08 15:53:14"[]"  
[2019-05-08 15:53:15] local.INFO: 2019-05-08 15:53:15"[]"  
[2019-05-08 15:53:18] local.INFO: 2019-05-08 15:53:18"[]"  
[2019-05-08 15:53:25] local.INFO: 2019-05-08 15:53:25"[]"  
[2019-05-08 15:53:26] local.INFO: 2019-05-08 15:53:26"[]"  
[2019-05-08 15:53:29] local.INFO: 2019-05-08 15:53:29"[]"  
[2019-05-08 15:53:34] local.INFO: 2019-05-08 15:53:34"[]"  
[2019-05-08 15:53:37] local.INFO: 2019-05-08 15:53:37"[]"  
[2019-05-08 15:53:42] local.INFO: 2019-05-08 15:53:42"[]"  
[2019-05-08 15:53:45] local.INFO: 2019-05-08 15:53:45"[]"  
[2019-05-08 15:53:50] local.INFO: 2019-05-08 15:53:50"[]"  
[2019-05-08 15:53:53] local.INFO: 2019-05-08 15:53:53"[]"  
[2019-05-08 15:53:58] local.INFO: 2019-05-08 15:53:58"[]"  
[2019-05-08 15:54:01] local.INFO: 2019-05-08 15:54:01"[]"  
[2019-05-08 15:54:03] local.INFO: 2019-05-08 15:54:03"[]"  
[2019-05-08 15:54:06] local.INFO: 2019-05-08 15:54:06"[]"  
[2019-05-08 15:54:09] local.INFO: 2019-05-08 15:54:09"[]"  
[2019-05-08 15:54:14] local.INFO: 2019-05-08 15:54:14"[]"  
[2019-05-08 15:54:16] local.INFO: 2019-05-08 15:54:16"[]"  
[2019-05-08 15:54:17] local.INFO: 2019-05-08 15:54:17"[]"  
[2019-05-08 15:54:20] local.INFO: 2019-05-08 15:54:20"[]"  
[2019-05-08 15:54:21] local.INFO: 2019-05-08 15:54:21"[]"  
[2019-05-08 15:54:22] local.INFO: 2019-05-08 15:54:22"[]"  
[2019-05-08 15:54:27] local.INFO: 2019-05-08 15:54:27"[]"  
[2019-05-08 15:54:30] local.INFO: 2019-05-08 15:54:30"[]"  
[2019-05-08 15:54:35] local.INFO: 2019-05-08 15:54:35"[]"  
[2019-05-08 15:54:38] local.INFO: 2019-05-08 15:54:38"[]"  
[2019-05-08 15:54:43] local.INFO: 2019-05-08 15:54:43"[]"  
[2019-05-08 15:54:46] local.INFO: 2019-05-08 15:54:46"[]"  
[2019-05-08 15:54:51] local.INFO: 2019-05-08 15:54:51"[]"  
[2019-05-08 15:54:51] local.INFO: 2019-05-08 15:54:51"[]"  
[2019-05-08 15:54:54] local.INFO: 2019-05-08 15:54:54"[]"  
[2019-05-08 15:54:59] local.INFO: 2019-05-08 15:54:59"[]"  
[2019-05-08 15:54:59] local.INFO: 2019-05-08 15:54:59"[]"  
[2019-05-08 15:55:02] local.INFO: 2019-05-08 15:55:02"[]"  
[2019-05-08 15:55:07] local.INFO: 2019-05-08 15:55:07"[]"  
[2019-05-08 15:55:11] local.INFO: 2019-05-08 15:55:11"[{\"type\":\"og5k3\",\"time\":294,\"dt\":\"1557302110+300-1557302111+299\",\"kjhm\":[\"1\",\"5\",\"5\"],\"qs\":\"8191\",\"xqs\":\"8192\",\"new_jh\":{\"bs\":\"1\",\"hm\":\"\\u53cc\"},\"old_jh\":\"\"},{\"type\":\"tfpk10\",\"time\":294,\"dt\":\"1557302110+300-1557302111+299\",\"kjhm\":[\"10\",\"2\",\"8\",\"6\",\"7\",\"9\",\"3\",\"5\",\"4\",\"1\"],\"qs\":\"8191\",\"xqs\":\"8192\",\"new_jh\":{\"bs\":\"1\",\"hm\":\"[1,2,4,7,8]\"},\"old_jh\":\"\"},{\"type\":\"jlpk10\",\"time\":54,\"dt\":\"1557302110+60-1557302111+59\",\"kjhm\":[\"1\",\"7\",\"5\",\"4\",\"8\",\"10\",\"6\",\"3\",\"9\",\"2\"],\"qs\":\"0955\",\"xqs\":\"0956\",\"new_jh\":{\"bs\":\"1\",\"hm\":\"[2,3,6,8,9]\"},\"old_jh\":\"\"},{\"type\":\"tfffc\",\"time\":294,\"dt\":\"1557302110+300-1557302111+299\",\"kjhm\":[\"2\",\"9\",\"7\",\"2\",\"9\"],\"qs\":\"8191\",\"xqs\":\"8192\",\"new_jh\":{\"bs\":\"1\",\"hm\":\"[0,1,3,4,9]\"},\"old_jh\":\"\"},{\"type\":\"jlffc\",\"time\":54,\"dt\":\"1557302110+60-1557302111+59\",\"kjhm\":[\"9\",\"7\",\"5\",\"6\",\"5\"],\"qs\":\"0955\",\"xqs\":\"0956\",\"new_jh\":{\"bs\":\"3\",\"hm\":\"[0,1,2,6,8]\"},\"old_jh\":\"\"},{\"type\":\"og1k3\",\"time\":54,\"dt\":\"1557302110+60-1557302111+59\",\"kjhm\":[\"1\",\"2\",\"5\"],\"qs\":\"0955\",\"xqs\":\"0956\",\"new_jh\":{\"bs\":\"8\",\"hm\":\"\\u5355\"},\"old_jh\":\"\"}]"  
[2019-05-08 15:55:15] local.INFO: 2019-05-08 15:55:15"[]"  
[2019-05-08 15:55:15] local.INFO: 2019-05-08 15:55:15"[]"  
[2019-05-08 15:55:18] local.INFO: 2019-05-08 15:55:18"[]"  
[2019-05-08 15:55:23] local.INFO: 2019-05-08 15:55:23"[]"  
[2019-05-08 15:55:26] local.INFO: 2019-05-08 15:55:26"[]"  
[2019-05-08 15:55:31] local.INFO: 2019-05-08 15:55:31"[]"  
[2019-05-08 15:55:34] local.INFO: 2019-05-08 15:55:34"[]"  
[2019-05-08 15:55:39] local.INFO: 2019-05-08 15:55:39"[]"  
[2019-05-08 15:55:39] local.INFO: 2019-05-08 15:55:39"[]"  
[2019-05-08 15:55:42] local.INFO: 2019-05-08 15:55:42"[]"  
[2019-05-08 15:55:47] local.INFO: 2019-05-08 15:55:47"[]"  
[2019-05-08 15:55:50] local.INFO: 2019-05-08 15:55:50"[]"  
[2019-05-08 15:55:55] local.INFO: 2019-05-08 15:55:55"[]"  
[2019-05-08 15:55:56] local.INFO: 2019-05-08 15:55:56"[]"  
[2019-05-08 15:55:58] local.INFO: 2019-05-08 15:55:58"[]"  
[2019-05-08 15:56:03] local.INFO: 2019-05-08 15:56:03"[]"  
[2019-05-08 15:56:04] local.INFO: 2019-05-08 15:56:04"[]"  
